Using pre-set license
Built from '2020.3/staging' branch; Version is '2020.3.11f1 (99c7afb366b3) revision 10078127'; Using compiler version '192528614'; Build Type 'Release'
OS: 'Windows 10 Home; OS build 19042.1165; Version 2009; 64bit' Language: 'en' Physical Memory: 32695 MB
BatchMode: 1, IsHumanControllingUs: 0, StartBugReporterOnCrash: 0, Is64bit: 1, IsPro: 0

 COMMAND LINE ARGUMENTS:
C:\Program Files\Unity\Hub\Editor\2020.3.11f1\Editor\Unity.exe
-adb2
-batchMode
-noUpm
-name
AssetImportWorker0
-projectPath
D:/Unity Projects/DinoGame_BrackeysJam2021
-logFile
Logs/AssetImportWorker0.log
-srvPort
56625
Successfully changed project path to: D:/Unity Projects/DinoGame_BrackeysJam2021
D:/Unity Projects/DinoGame_BrackeysJam2021
Using Asset Import Pipeline V2.
Refreshing native plugins compatible for Editor in 27.87 ms, found 2 plugins.
Preloading 0 native plugins for Editor in 0.00 ms.
Initialize engine version: 2020.3.11f1 (99c7afb366b3)
[Subsystems] Discovering subsystems at path C:/Program Files/Unity/Hub/Editor/2020.3.11f1/Editor/Data/Resources/UnitySubsystems
[Subsystems] Discovering subsystems at path D:/Unity Projects/DinoGame_BrackeysJam2021/Assets
GfxDevice: creating device client; threaded=0
Direct3D:
    Version:  Direct3D 11.0 [level 11.1]
    Renderer: NVIDIA GeForce RTX 2080 Ti (ID=0x1e07)
    Vendor:   
    VRAM:     11049 MB
    Driver:   27.21.14.6137
Initialize mono
Mono path[0] = 'C:/Program Files/Unity/Hub/Editor/2020.3.11f1/Editor/Data/Managed'
Mono path[1] = 'C:/Program Files/Unity/Hub/Editor/2020.3.11f1/Editor/Data/MonoBleedingEdge/lib/mono/unityjit'
Mono config path = 'C:/Program Files/Unity/Hub/Editor/2020.3.11f1/Editor/Data/MonoBleedingEdge/etc'
Using monoOptions --debugger-agent=transport=dt_socket,embedding=1,server=y,suspend=n,address=127.0.0.1:56672
Begin MonoManager ReloadAssembly
Registering precompiled unity dll's ...
Register platform support module: C:/Program Files/Unity/Hub/Editor/2020.3.11f1/Editor/Data/PlaybackEngines/WebGLSupport/UnityEditor.WebGL.Extensions.dll
Register platform support module: C:/Program Files/Unity/Hub/Editor/2020.3.11f1/Editor/Data/PlaybackEngines/WindowsStandaloneSupport/UnityEditor.WindowsStandalone.Extensions.dll
Registered in 0.002075 seconds.
Native extension for WindowsStandalone target not found
Native extension for WebGL target not found
Refreshing native plugins compatible for Editor in 25.45 ms, found 2 plugins.
Preloading 0 native plugins for Editor in 0.00 ms.
Mono: successfully reloaded assembly
- Completed reload, in  1.617 seconds
Platform modules already initialized, skipping
Registering precompiled user dll's ...
Registered in 0.002850 seconds.
Begin MonoManager ReloadAssembly
Native extension for WindowsStandalone target not found
Native extension for WebGL target not found
Refreshing native plugins compatible for Editor in 0.32 ms, found 2 plugins.
Preloading 0 native plugins for Editor in 0.00 ms.
Mono: successfully reloaded assembly
- Completed reload, in  0.822 seconds
Platform modules already initialized, skipping
========================================================================
Worker process is ready to serve import requests
Launched and connected shader compiler UnityShaderCompiler.exe after 0.03 seconds
Refreshing native plugins compatible for Editor in 0.30 ms, found 2 plugins.
Preloading 0 native plugins for Editor in 0.00 ms.
Unloading 1408 Unused Serialized files (Serialized files now loaded: 0)
System memory in use before: 78.0 MB.
System memory in use after: 78.1 MB.

Unloading 19 unused Assets to reduce memory usage. Loaded Objects now: 1859.
Total: 1.609300 ms (FindLiveObjects: 0.129000 ms CreateObjectMapping: 0.030500 ms MarkObjects: 1.357100 ms  DeleteObjects: 0.092000 ms)

========================================================================
Received Import Request.
  path: Assets/Prefab/Prop/Palmtree.prefab
  artifactKey: Guid(dc2daf2e8ddd7854da4110af8f935d98) Importer(815301076,1909f56bfc062723c751e8b465ee728b)
Start importing Assets/Prefab/Prop/Palmtree.prefab using Guid(dc2daf2e8ddd7854da4110af8f935d98) Importer(815301076,1909f56bfc062723c751e8b465ee728b)  -> (artifact id: '198bf67f00452e9f4b38dba74dc2ad62') in 0.108985 seconds
  Import took 0.144030 seconds .

========================================================================
Received Import Request.
  Time since last request: 0.000244 seconds.
  path: Assets/Prefab/Prop/Watchtower.prefab
  artifactKey: Guid(83e784d5456337e4f8133b5934f8da62) Importer(815301076,1909f56bfc062723c751e8b465ee728b)
Start importing Assets/Prefab/Prop/Watchtower.prefab using Guid(83e784d5456337e4f8133b5934f8da62) Importer(815301076,1909f56bfc062723c751e8b465ee728b)  -> (artifact id: 'a4120d3e4148f107d095ce5e87956356') in 0.016807 seconds
  Import took 0.035990 seconds .

========================================================================
Received Import Request.
  Time since last request: 0.000228 seconds.
  path: Assets/Prefab/Prop/Stone_Boulder_Large.prefab
  artifactKey: Guid(742cd8f51383154439e8af6f195a5341) Importer(815301076,1909f56bfc062723c751e8b465ee728b)
Start importing Assets/Prefab/Prop/Stone_Boulder_Large.prefab using Guid(742cd8f51383154439e8af6f195a5341) Importer(815301076,1909f56bfc062723c751e8b465ee728b)  -> (artifact id: '0a729a074c6ee9cbbd2c938e307ca24e') in 0.012254 seconds
  Import took 0.014514 seconds .

========================================================================
Received Import Request.
  Time since last request: 0.000213 seconds.
  path: Assets/Prefab/Prop/CubeStack_3x3x4.prefab
  artifactKey: Guid(d13e4eb9312c7f241a336b88c218b295) Importer(815301076,1909f56bfc062723c751e8b465ee728b)
Start importing Assets/Prefab/Prop/CubeStack_3x3x4.prefab using Guid(d13e4eb9312c7f241a336b88c218b295) Importer(815301076,1909f56bfc062723c751e8b465ee728b)  -> (artifact id: '325bb513e99e08d74ce968ff36e8c8da') in 0.013543 seconds
  Import took 0.030378 seconds .

========================================================================
Received Import Request.
  Time since last request: 0.000206 seconds.
  path: Assets/Prefab/Prop/Stone_Cube.prefab
  artifactKey: Guid(d0eb9cf015746874f854805b2bf01230) Importer(815301076,1909f56bfc062723c751e8b465ee728b)
Start importing Assets/Prefab/Prop/Stone_Cube.prefab using Guid(d0eb9cf015746874f854805b2bf01230) Importer(815301076,1909f56bfc062723c751e8b465ee728b)  -> (artifact id: 'fa864c4cc460e2dcc0b42dee441207c6') in 0.011164 seconds
  Import took 0.017899 seconds .

========================================================================
Received Import Request.
  Time since last request: 0.000195 seconds.
  path: Assets/Prefab/Prop/Stone_Boulder_Small.prefab
  artifactKey: Guid(7b45d30314180bf4594b5eb17ecb12c4) Importer(815301076,1909f56bfc062723c751e8b465ee728b)
Start importing Assets/Prefab/Prop/Stone_Boulder_Small.prefab using Guid(7b45d30314180bf4594b5eb17ecb12c4) Importer(815301076,1909f56bfc062723c751e8b465ee728b)  -> (artifact id: 'cce065ad294e9b950697a93b626684e2') in 0.010729 seconds
  Import took 0.015021 seconds .

========================================================================
Received Import Request.
  Time since last request: 0.000205 seconds.
  path: Assets/Prefab/Prop/Office.prefab
  artifactKey: Guid(af3b122e662a3774a95fe014a5a23f7c) Importer(815301076,1909f56bfc062723c751e8b465ee728b)
Start importing Assets/Prefab/Prop/Office.prefab using Guid(af3b122e662a3774a95fe014a5a23f7c) Importer(815301076,1909f56bfc062723c751e8b465ee728b)  -> (artifact id: '86ac07577811edd20aff1d8c8a513464') in 0.015907 seconds
  Import took 0.018350 seconds .

========================================================================
Received Import Request.
  Time since last request: 0.000206 seconds.
  path: Assets/Prefab/Prop/Mystery_Idol.prefab
  artifactKey: Guid(0b0d895df62f7054d93e7593de146a73) Importer(815301076,1909f56bfc062723c751e8b465ee728b)
Start importing Assets/Prefab/Prop/Mystery_Idol.prefab using Guid(0b0d895df62f7054d93e7593de146a73) Importer(815301076,1909f56bfc062723c751e8b465ee728b)  -> (artifact id: 'a62ffe32052825bf24078984b5d51d34') in 0.039398 seconds
  Import took 0.041679 seconds .

========================================================================
Received Import Request.
  Time since last request: 0.000201 seconds.
  path: Assets/Prefab/Prop/Cart.prefab
  artifactKey: Guid(48f4afe93536fe640804e3b9c0623f2e) Importer(815301076,1909f56bfc062723c751e8b465ee728b)
Start importing Assets/Prefab/Prop/Cart.prefab using Guid(48f4afe93536fe640804e3b9c0623f2e) Importer(815301076,1909f56bfc062723c751e8b465ee728b)  -> (artifact id: '9d567334dbc784365774544bb4371e6e') in 0.023545 seconds
  Import took 0.025558 seconds .

========================================================================
Received Prepare
Registering precompiled user dll's ...
Registered in 0.002938 seconds.
Begin MonoManager ReloadAssembly
Native extension for WindowsStandalone target not found
Native extension for WebGL target not found
Refreshing native plugins compatible for Editor in 0.32 ms, found 2 plugins.
Preloading 0 native plugins for Editor in 0.00 ms.
Mono: successfully reloaded assembly
- Completed reload, in  0.733 seconds
Platform modules already initialized, skipping
Refreshing native plugins compatible for Editor in 0.31 ms, found 2 plugins.
Preloading 0 native plugins for Editor in 0.00 ms.
Unloading 1403 Unused Serialized files (Serialized files now loaded: 0)
System memory in use before: 81.2 MB.
System memory in use after: 81.2 MB.

Unloading 14 unused Assets to reduce memory usage. Loaded Objects now: 1869.
Total: 1.602200 ms (FindLiveObjects: 0.150800 ms CreateObjectMapping: 0.034100 ms MarkObjects: 1.344900 ms  DeleteObjects: 0.071800 ms)

========================================================================
Received Import Request.
  Time since last request: 795.634306 seconds.
  path: Assets/Models/Cart.fbx
  artifactKey: Guid(c82eeecebfb61ac44aca97e7950b6067) Importer(815301076,1909f56bfc062723c751e8b465ee728b)
Start importing Assets/Models/Cart.fbx using Guid(c82eeecebfb61ac44aca97e7950b6067) Importer(815301076,1909f56bfc062723c751e8b465ee728b)  -> (artifact id: 'e0f9ab0ac1e68c06e6b1428caf89cca5') in 0.172626 seconds
  Import took 0.175081 seconds .

========================================================================
Received Import Request.
  Time since last request: 0.000188 seconds.
  path: Assets/Models/Stone_Cube.fbx
  artifactKey: Guid(4e400d5d8ce9e2a4d8ad9654001886db) Importer(815301076,1909f56bfc062723c751e8b465ee728b)
Start importing Assets/Models/Stone_Cube.fbx using Guid(4e400d5d8ce9e2a4d8ad9654001886db) Importer(815301076,1909f56bfc062723c751e8b465ee728b)  -> (artifact id: '215858ce9daf5d0e861c79a4d905a7ea') in 0.020584 seconds
  Import took 0.023311 seconds .

========================================================================
Received Import Request.
  Time since last request: 0.000252 seconds.
  path: Assets/Models/Catapult.fbx
  artifactKey: Guid(b5bba404489c07544ba27fa88970f18d) Importer(815301076,1909f56bfc062723c751e8b465ee728b)
Start importing Assets/Models/Catapult.fbx using Guid(b5bba404489c07544ba27fa88970f18d) Importer(815301076,1909f56bfc062723c751e8b465ee728b)  -> (artifact id: '29c1607812cac5daa8796316140c950d') in 0.072178 seconds
  Import took 0.074434 seconds .

========================================================================
Received Import Request.
  Time since last request: 0.000203 seconds.
  path: Assets/Models/Rim.obj
  artifactKey: Guid(9702364ed88e5a943a74f14998ea0266) Importer(815301076,1909f56bfc062723c751e8b465ee728b)
Start importing Assets/Models/Rim.obj using Guid(9702364ed88e5a943a74f14998ea0266) Importer(815301076,1909f56bfc062723c751e8b465ee728b)  -> (artifact id: '2276400686210337a2ead118275d095d') in 0.016035 seconds
  Import took 0.018018 seconds .

========================================================================
Received Import Request.
  Time since last request: 0.000160 seconds.
  path: Assets/Models/Catapult.fbx
  artifactKey: Guid(b5bba404489c07544ba27fa88970f18d) Importer(815301076,1909f56bfc062723c751e8b465ee728b)
Start importing Assets/Models/Catapult.fbx using Guid(b5bba404489c07544ba27fa88970f18d) Importer(815301076,1909f56bfc062723c751e8b465ee728b)  -> (artifact id: '29c1607812cac5daa8796316140c950d') in 0.055298 seconds
  Import took 0.057498 seconds .

========================================================================
Received Import Request.
  Time since last request: 0.000182 seconds.
  path: Assets/Models/Office.fbx
  artifactKey: Guid(cde86943e76e17b4dadb09574e239be5) Importer(815301076,1909f56bfc062723c751e8b465ee728b)
Start importing Assets/Models/Office.fbx using Guid(cde86943e76e17b4dadb09574e239be5) Importer(815301076,1909f56bfc062723c751e8b465ee728b)  -> (artifact id: '21b636a5f6ee452c21b0b54277ebefec') in 0.083064 seconds
  Import took 0.085225 seconds .

========================================================================
Received Import Request.
  Time since last request: 0.000198 seconds.
  path: Assets/Models/Stone_Boulder.fbx
  artifactKey: Guid(9a7fafeb3c5b49f4780dea6e9a610efa) Importer(815301076,1909f56bfc062723c751e8b465ee728b)
Start importing Assets/Models/Stone_Boulder.fbx using Guid(9a7fafeb3c5b49f4780dea6e9a610efa) Importer(815301076,1909f56bfc062723c751e8b465ee728b)  -> (artifact id: 'ac78910ebffb382805ff8ee721511a28') in 0.014875 seconds
  Import took 0.016817 seconds .

========================================================================
Received Import Request.
  Time since last request: 0.000207 seconds.
  path: Assets/Models/Palmtree.fbx
  artifactKey: Guid(b162a721f1dbfa04abcdd257089db077) Importer(815301076,1909f56bfc062723c751e8b465ee728b)
Start importing Assets/Models/Palmtree.fbx using Guid(b162a721f1dbfa04abcdd257089db077) Importer(815301076,1909f56bfc062723c751e8b465ee728b)  -> (artifact id: '87ce0ff965c4a83ceb3636839b09ae42') in 0.090208 seconds
  Import took 0.092744 seconds .

========================================================================
Received Import Request.
  Time since last request: 0.000192 seconds.
  path: Assets/Models/Cart.fbx
  artifactKey: Guid(c82eeecebfb61ac44aca97e7950b6067) Importer(815301076,1909f56bfc062723c751e8b465ee728b)
Start importing Assets/Models/Cart.fbx using Guid(c82eeecebfb61ac44aca97e7950b6067) Importer(815301076,1909f56bfc062723c751e8b465ee728b)  -> (artifact id: 'e0f9ab0ac1e68c06e6b1428caf89cca5') in 0.050569 seconds
  Import took 0.052607 seconds .

========================================================================
Received Import Request.
  Time since last request: 0.000191 seconds.
  path: Assets/Models/Caveman_Mesh.fbx
  artifactKey: Guid(da795c2ad7c021340ab926890d53dfbf) Importer(815301076,1909f56bfc062723c751e8b465ee728b)
Start importing Assets/Models/Caveman_Mesh.fbx using Guid(da795c2ad7c021340ab926890d53dfbf) Importer(815301076,1909f56bfc062723c751e8b465ee728b)  -> (artifact id: 'a3a8aff7b98e2c436377df305c0049dc') in 0.080401 seconds
  Import took 0.082532 seconds .

========================================================================
Received Import Request.
  Time since last request: 5.606922 seconds.
  path: Assets/Prefab/Dino.prefab
  artifactKey: Guid(7fa8394a842496e44840b4d6e60366c7) Importer(815301076,1909f56bfc062723c751e8b465ee728b)
Start importing Assets/Prefab/Dino.prefab using Guid(7fa8394a842496e44840b4d6e60366c7) Importer(815301076,1909f56bfc062723c751e8b465ee728b)  -> (artifact id: 'ae29843e7719ab90fba13f74b5d97819') in 0.037609 seconds
  Import took 0.040257 seconds .

========================================================================
Received Import Request.
  Time since last request: 288.065349 seconds.
  path: Assets/New Terrain 1.asset
  artifactKey: Guid(b6309559e47c3ad44a8167e2cc28f990) Importer(815301076,1909f56bfc062723c751e8b465ee728b)
Start importing Assets/New Terrain 1.asset using Guid(b6309559e47c3ad44a8167e2cc28f990) Importer(815301076,1909f56bfc062723c751e8b465ee728b)  -> (artifact id: '0c0161cf90157ae3777e43aad52257da') in 0.011817 seconds
  Import took 0.014137 seconds .

========================================================================
Received Import Request.
  Time since last request: 3.534051 seconds.
  path: Assets/Fonts
  artifactKey: Guid(9722e004136b88b4092879b3410718fe) Importer(815301076,1909f56bfc062723c751e8b465ee728b)
Start importing Assets/Fonts using Guid(9722e004136b88b4092879b3410718fe) Importer(815301076,1909f56bfc062723c751e8b465ee728b)  -> (artifact id: 'aeb142796434377c8c917177ad27dea8') in 0.005936 seconds
  Import took 0.008167 seconds .

========================================================================
Received Import Request.
  Time since last request: 6.137411 seconds.
  path: Assets/Fonts/StoneAge-8MPD.ttf
  artifactKey: Guid(5866aeef93c199942aeba71443075204) Importer(815301076,1909f56bfc062723c751e8b465ee728b)
Start importing Assets/Fonts/StoneAge-8MPD.ttf using Guid(5866aeef93c199942aeba71443075204) Importer(815301076,1909f56bfc062723c751e8b465ee728b)  -> (artifact id: '2e950ed794ff3e98e1d0639e0a78ab5c') in 0.034505 seconds
  Import took 0.037198 seconds .

========================================================================
Received Import Request.
  Time since last request: 62.286841 seconds.
  path: Assets/Textures/caveman_head.png
  artifactKey: Guid(877d6439e4cbe41478302f5cb66e9204) Importer(815301076,1909f56bfc062723c751e8b465ee728b)
Start importing Assets/Textures/caveman_head.png using Guid(877d6439e4cbe41478302f5cb66e9204) Importer(815301076,1909f56bfc062723c751e8b465ee728b)  -> (artifact id: '9cc084bf0da976f0f45de6bd57ed40cb') in 0.020538 seconds
  Import took 0.022827 seconds .

========================================================================
Received Import Request.
  Time since last request: 0.000206 seconds.
  path: Assets/Textures/Palm_Wood.png
  artifactKey: Guid(4265462eb180fa441b70a6107d69838d) Importer(815301076,1909f56bfc062723c751e8b465ee728b)
Start importing Assets/Textures/Palm_Wood.png using Guid(4265462eb180fa441b70a6107d69838d) Importer(815301076,1909f56bfc062723c751e8b465ee728b)  -> (artifact id: '75100817d8ec9ed44445b675051f9e47') in 0.011942 seconds
  Import took 0.020869 seconds .

========================================================================
Received Import Request.
  Time since last request: 0.000179 seconds.
  path: Assets/Textures/Stone_White.png
  artifactKey: Guid(621257b0dbf77154f9bad502c4ba5492) Importer(815301076,1909f56bfc062723c751e8b465ee728b)
Start importing Assets/Textures/Stone_White.png using Guid(621257b0dbf77154f9bad502c4ba5492) Importer(815301076,1909f56bfc062723c751e8b465ee728b)  -> (artifact id: '37d43e532c34819f1592b027b5f14a0a') in 0.038544 seconds
  Import took 0.040415 seconds .

========================================================================
Received Import Request.
  Time since last request: 0.000204 seconds.
  path: Assets/Textures/Stone.png
  artifactKey: Guid(4c7e268783922df4390953941a5316de) Importer(815301076,1909f56bfc062723c751e8b465ee728b)
Start importing Assets/Textures/Stone.png using Guid(4c7e268783922df4390953941a5316de) Importer(815301076,1909f56bfc062723c751e8b465ee728b)  -> (artifact id: '9667410812277fe10009b7157cf64f41') in 0.010487 seconds
  Import took 0.012544 seconds .

========================================================================
Received Import Request.
  Time since last request: 0.000189 seconds.
  path: Assets/Textures/Stone_WhiteSpecs.png
  artifactKey: Guid(c40ac3e731950a54daf1d81a93ba26fc) Importer(815301076,1909f56bfc062723c751e8b465ee728b)
Start importing Assets/Textures/Stone_WhiteSpecs.png using Guid(c40ac3e731950a54daf1d81a93ba26fc) Importer(815301076,1909f56bfc062723c751e8b465ee728b)  -> (artifact id: '4b9e2ce26b77f62747ff398728656b05') in 0.041081 seconds
  Import took 0.099773 seconds .

========================================================================
Received Import Request.
  Time since last request: 0.000186 seconds.
  path: Assets/Textures/Stone_Specs.png
  artifactKey: Guid(973d15e4dca8b94458dd2cc9b4b8f3aa) Importer(815301076,1909f56bfc062723c751e8b465ee728b)
Start importing Assets/Textures/Stone_Specs.png using Guid(973d15e4dca8b94458dd2cc9b4b8f3aa) Importer(815301076,1909f56bfc062723c751e8b465ee728b)  -> (artifact id: '3684270cd5b661f271737bb858daae88') in 0.010475 seconds
  Import took 0.012452 seconds .

========================================================================
Received Import Request.
  Time since last request: 0.000188 seconds.
  path: Assets/Textures/Palm_Trunk.png
  artifactKey: Guid(e99d818c151468145a68f050a070b4e8) Importer(815301076,1909f56bfc062723c751e8b465ee728b)
Start importing Assets/Textures/Palm_Trunk.png using Guid(e99d818c151468145a68f050a070b4e8) Importer(815301076,1909f56bfc062723c751e8b465ee728b)  -> (artifact id: '2bfa49f14c1c7f27a274c35b197c66c9') in 0.009625 seconds
  Import took 0.011646 seconds .

========================================================================
Received Import Request.
  Time since last request: 63.079428 seconds.
  path: Assets/Textures/caveman_head.png
  artifactKey: Guid(877d6439e4cbe41478302f5cb66e9204) Importer(815301076,1909f56bfc062723c751e8b465ee728b)
Start importing Assets/Textures/caveman_head.png using Guid(877d6439e4cbe41478302f5cb66e9204) Importer(815301076,1909f56bfc062723c751e8b465ee728b)  -> (artifact id: '770320ae2bbc04a84efaf5457f525600') in 0.023682 seconds
  Import took 0.026404 seconds .

========================================================================
Received Import Request.
  Time since last request: 166.459201 seconds.
  path: Assets/Fonts/StoneAge-8MPD.ttf
  artifactKey: Guid(5866aeef93c199942aeba71443075204) Importer(815301076,1909f56bfc062723c751e8b465ee728b)
Start importing Assets/Fonts/StoneAge-8MPD.ttf using Guid(5866aeef93c199942aeba71443075204) Importer(815301076,1909f56bfc062723c751e8b465ee728b)  -> (artifact id: 'e6a2510e11a0a8fe8389088341f34c39') in 0.008917 seconds
  Import took 0.011057 seconds .

========================================================================
Received Import Request.
  Time since last request: 44.018751 seconds.
  path: Assets/Fonts/BoneRegular-VvxZ.ttf
  artifactKey: Guid(84e7978f97501b143aa66a4ecacd001f) Importer(815301076,1909f56bfc062723c751e8b465ee728b)
Start importing Assets/Fonts/BoneRegular-VvxZ.ttf using Guid(84e7978f97501b143aa66a4ecacd001f) Importer(815301076,1909f56bfc062723c751e8b465ee728b)  -> (artifact id: 'b3b4ae0f40f2db54ecf5ca73e5ef2adf') in 0.013441 seconds
  Import took 0.036641 seconds .

========================================================================
Received Import Request.
  Time since last request: 233.876647 seconds.
  path: Assets/Fonts/StoneHinge-aa8m.ttf
  artifactKey: Guid(be17c5a8c25be864782586310802f468) Importer(815301076,1909f56bfc062723c751e8b465ee728b)
Start importing Assets/Fonts/StoneHinge-aa8m.ttf using Guid(be17c5a8c25be864782586310802f468) Importer(815301076,1909f56bfc062723c751e8b465ee728b)  -> (artifact id: 'fd475041c92290c197252f7ba658f4a3') in 0.021806 seconds
  Import took 0.024265 seconds .

========================================================================
Received Import Request.
  Time since last request: 650.172770 seconds.
  path: Assets/Scenes/Levels/Level1.unity
  artifactKey: Guid(c9673c50cd36bd74ebbaa4733db09b13) Importer(815301076,1909f56bfc062723c751e8b465ee728b)
Start importing Assets/Scenes/Levels/Level1.unity using Guid(c9673c50cd36bd74ebbaa4733db09b13) Importer(815301076,1909f56bfc062723c751e8b465ee728b)  -> (artifact id: '5ec1fb594586654d5e3e6dfe9e5ccea3') in 0.006705 seconds
  Import took 0.009201 seconds .

========================================================================
Received Import Request.
  Time since last request: 0.000403 seconds.
  path: Assets/Scenes/Levels/Level1.unity
  artifactKey: Guid(c9673c50cd36bd74ebbaa4733db09b13) Importer(815301076,1909f56bfc062723c751e8b465ee728b)
Start importing Assets/Scenes/Levels/Level1.unity using Guid(c9673c50cd36bd74ebbaa4733db09b13) Importer(815301076,1909f56bfc062723c751e8b465ee728b)  -> (artifact id: '5ec1fb594586654d5e3e6dfe9e5ccea3') in 0.002237 seconds
  Import took 0.004117 seconds .

========================================================================
Received Prepare
Registering precompiled user dll's ...
Registered in 0.002962 seconds.
Begin MonoManager ReloadAssembly
Native extension for WindowsStandalone target not found
Native extension for WebGL target not found
Refreshing native plugins compatible for Editor in 0.31 ms, found 2 plugins.
Preloading 0 native plugins for Editor in 0.00 ms.
Mono: successfully reloaded assembly
- Completed reload, in  0.744 seconds
Platform modules already initialized, skipping
Refreshing native plugins compatible for Editor in 0.32 ms, found 2 plugins.
Preloading 0 native plugins for Editor in 0.00 ms.
Unloading 1403 Unused Serialized files (Serialized files now loaded: 0)
System memory in use before: 95.4 MB.
System memory in use after: 95.5 MB.

Unloading 14 unused Assets to reduce memory usage. Loaded Objects now: 1918.
Total: 1.594600 ms (FindLiveObjects: 0.137900 ms CreateObjectMapping: 0.030300 ms MarkObjects: 1.358600 ms  DeleteObjects: 0.067200 ms)

========================================================================
Received Prepare
Registering precompiled user dll's ...
Registered in 0.003067 seconds.
Begin MonoManager ReloadAssembly
Native extension for WindowsStandalone target not found
Native extension for WebGL target not found
Refreshing native plugins compatible for Editor in 0.33 ms, found 2 plugins.
Preloading 0 native plugins for Editor in 0.00 ms.
Mono: successfully reloaded assembly
- Completed reload, in  0.749 seconds
Platform modules already initialized, skipping
Refreshing native plugins compatible for Editor in 0.35 ms, found 2 plugins.
Preloading 0 native plugins for Editor in 0.00 ms.
Unloading 1403 Unused Serialized files (Serialized files now loaded: 0)
System memory in use before: 95.4 MB.
System memory in use after: 95.5 MB.

Unloading 14 unused Assets to reduce memory usage. Loaded Objects now: 1921.
Total: 1.766500 ms (FindLiveObjects: 0.238900 ms CreateObjectMapping: 0.053100 ms MarkObjects: 1.397600 ms  DeleteObjects: 0.076100 ms)

========================================================================
Received Import Request.
  Time since last request: 743.305800 seconds.
  path: Assets/Aduio
  artifactKey: Guid(1b40167fd4f6747499484c31da234935) Importer(815301076,1909f56bfc062723c751e8b465ee728b)
Start importing Assets/Aduio using Guid(1b40167fd4f6747499484c31da234935) Importer(815301076,1909f56bfc062723c751e8b465ee728b)  -> (artifact id: 'd546e35f065d34ddc10bb22dca184ea9') in 0.007066 seconds
  Import took 0.009364 seconds .

========================================================================
Received Import Request.
  Time since last request: 3.925135 seconds.
  path: Assets/Audio
  artifactKey: Guid(1b40167fd4f6747499484c31da234935) Importer(815301076,1909f56bfc062723c751e8b465ee728b)
Start importing Assets/Audio using Guid(1b40167fd4f6747499484c31da234935) Importer(815301076,1909f56bfc062723c751e8b465ee728b)  -> (artifact id: '06173588509b9c0fa1a03d248d63fcc7') in 0.005263 seconds
  Import took 0.007480 seconds .

========================================================================
Received Import Request.
  Time since last request: 14.218056 seconds.
  path: Assets/Audio/SFX
  artifactKey: Guid(6979a29fa6f01bb4282566f5140d1c67) Importer(815301076,1909f56bfc062723c751e8b465ee728b)
Start importing Assets/Audio/SFX using Guid(6979a29fa6f01bb4282566f5140d1c67) Importer(815301076,1909f56bfc062723c751e8b465ee728b)  -> (artifact id: '8c97255bd205039ded34663366cab56d') in 0.006162 seconds
  Import took 0.029064 seconds .

========================================================================
Received Import Request.
  Time since last request: 5.050105 seconds.
  path: Assets/Audio/Music
  artifactKey: Guid(97bc3e4ac354a0c43a523dae95d5edae) Importer(815301076,1909f56bfc062723c751e8b465ee728b)
Start importing Assets/Audio/Music using Guid(97bc3e4ac354a0c43a523dae95d5edae) Importer(815301076,1909f56bfc062723c751e8b465ee728b)  -> (artifact id: '96fd4cc1fba788598101d20e5ed2811e') in 0.005691 seconds
  Import took 0.007731 seconds .

========================================================================
Received Import Request.
  Time since last request: 18.571541 seconds.
  path: Assets/Audio/Music/drums-35-5635.mp3
  artifactKey: Guid(dfc39f4443a616a4fac2815c330b8be4) Importer(815301076,1909f56bfc062723c751e8b465ee728b)
Start importing Assets/Audio/Music/drums-35-5635.mp3 using Guid(dfc39f4443a616a4fac2815c330b8be4) Importer(815301076,1909f56bfc062723c751e8b465ee728b)  -> (artifact id: '572308a97883427a2512d22d0c97da17') in 0.051749 seconds
  Import took 0.053943 seconds .

========================================================================
Received Import Request.
  Time since last request: 267.611832 seconds.
  path: Assets/Scripts/UI 1
  artifactKey: Guid(c2a334698d3044043b6847ecdd88504d) Importer(815301076,1909f56bfc062723c751e8b465ee728b)
Start importing Assets/Scripts/UI 1 using Guid(c2a334698d3044043b6847ecdd88504d) Importer(815301076,1909f56bfc062723c751e8b465ee728b)  -> (artifact id: '9e50b9da56aba100caf116c662f27210') in 0.005953 seconds
  Import took 0.008209 seconds .

========================================================================
Received Import Request.
  Time since last request: 3.859193 seconds.
  path: Assets/Scripts/UI
  artifactKey: Guid(9e9fd1747d5e72b4fb3d4612a167d031) Importer(815301076,1909f56bfc062723c751e8b465ee728b)
Start importing Assets/Scripts/UI using Guid(9e9fd1747d5e72b4fb3d4612a167d031) Importer(815301076,1909f56bfc062723c751e8b465ee728b)  -> (artifact id: '5deb9624268dda5da1d75e7b2441192b') in 0.005828 seconds
  Import took 0.008105 seconds .

========================================================================
Received Import Request.
  Time since last request: 5.152614 seconds.
  path: Assets/Scripts/UI/Game
  artifactKey: Guid(72c95ed03779fa94f9e67dab8720c7f1) Importer(815301076,1909f56bfc062723c751e8b465ee728b)
Start importing Assets/Scripts/UI/Game using Guid(72c95ed03779fa94f9e67dab8720c7f1) Importer(815301076,1909f56bfc062723c751e8b465ee728b)  -> (artifact id: '2500dd9a07c8fd228b3028f15af8cae8') in 0.005146 seconds
  Import took 0.007304 seconds .

========================================================================
Received Import Request.
  Time since last request: 17.527131 seconds.
  path: Assets/Scripts/UI/Game/GameUI__CVMCounter.cs
  artifactKey: Guid(c331a0057692acc448bd7f37897471d0) Importer(815301076,1909f56bfc062723c751e8b465ee728b)
Start importing Assets/Scripts/UI/Game/GameUI__CVMCounter.cs using Guid(c331a0057692acc448bd7f37897471d0) Importer(815301076,1909f56bfc062723c751e8b465ee728b)  -> (artifact id: 'c5fca6624fc121be14eb4e547a22148e') in 0.012785 seconds
  Import took 0.015015 seconds .

========================================================================
Received Prepare
Registering precompiled user dll's ...
Registered in 0.002751 seconds.
Begin MonoManager ReloadAssembly
Native extension for WindowsStandalone target not found
Native extension for WebGL target not found
Refreshing native plugins compatible for Editor in 0.38 ms, found 2 plugins.
Preloading 0 native plugins for Editor in 0.00 ms.
Mono: successfully reloaded assembly
- Completed reload, in  0.754 seconds
Platform modules already initialized, skipping
Refreshing native plugins compatible for Editor in 0.34 ms, found 2 plugins.
Preloading 0 native plugins for Editor in 0.00 ms.
Unloading 1404 Unused Serialized files (Serialized files now loaded: 0)
System memory in use before: 95.5 MB.
System memory in use after: 95.6 MB.

Unloading 14 unused Assets to reduce memory usage. Loaded Objects now: 1928.
Total: 1.826500 ms (FindLiveObjects: 0.147500 ms CreateObjectMapping: 0.032200 ms MarkObjects: 1.573800 ms  DeleteObjects: 0.072100 ms)

========================================================================
Received Import Request.
  Time since last request: 15.717325 seconds.
  path: Assets/Scripts/UI/Game/GameUI__CVMCounter.cs
  artifactKey: Guid(c331a0057692acc448bd7f37897471d0) Importer(815301076,1909f56bfc062723c751e8b465ee728b)
Start importing Assets/Scripts/UI/Game/GameUI__CVMCounter.cs using Guid(c331a0057692acc448bd7f37897471d0) Importer(815301076,1909f56bfc062723c751e8b465ee728b)  -> (artifact id: '4c8db09dab044b861b7ed8789bc94eed') in 0.004928 seconds
  Import took 0.007330 seconds .

========================================================================
Received Prepare
Registering precompiled user dll's ...
Registered in 0.002861 seconds.
Begin MonoManager ReloadAssembly
Native extension for WindowsStandalone target not found
Native extension for WebGL target not found
Refreshing native plugins compatible for Editor in 0.31 ms, found 2 plugins.
Preloading 0 native plugins for Editor in 0.00 ms.
Mono: successfully reloaded assembly
- Completed reload, in  0.742 seconds
Platform modules already initialized, skipping
Refreshing native plugins compatible for Editor in 0.32 ms, found 2 plugins.
Preloading 0 native plugins for Editor in 0.00 ms.
Unloading 1404 Unused Serialized files (Serialized files now loaded: 0)
System memory in use before: 95.6 MB.
System memory in use after: 95.6 MB.

Unloading 14 unused Assets to reduce memory usage. Loaded Objects now: 1931.
Total: 1.602100 ms (FindLiveObjects: 0.139200 ms CreateObjectMapping: 0.031400 ms MarkObjects: 1.357100 ms  DeleteObjects: 0.073600 ms)

========================================================================
Received Import Request.
  Time since last request: 7.440603 seconds.
  path: Assets/Scripts/UI/Game/GameUI_CVMCounter.cs
  artifactKey: Guid(c331a0057692acc448bd7f37897471d0) Importer(815301076,1909f56bfc062723c751e8b465ee728b)
Start importing Assets/Scripts/UI/Game/GameUI_CVMCounter.cs using Guid(c331a0057692acc448bd7f37897471d0) Importer(815301076,1909f56bfc062723c751e8b465ee728b)  -> (artifact id: 'de00809a803af36c22f35bc3fafd87d9') in 0.009286 seconds
  Import took 0.011606 seconds .

========================================================================
Received Prepare
Registering precompiled user dll's ...
Registered in 0.002874 seconds.
Begin MonoManager ReloadAssembly
Native extension for WindowsStandalone target not found
Native extension for WebGL target not found
Refreshing native plugins compatible for Editor in 0.34 ms, found 2 plugins.
Preloading 0 native plugins for Editor in 0.00 ms.
Mono: successfully reloaded assembly
- Completed reload, in  0.773 seconds
Platform modules already initialized, skipping
Refreshing native plugins compatible for Editor in 0.33 ms, found 2 plugins.
Preloading 0 native plugins for Editor in 0.00 ms.
Unloading 1404 Unused Serialized files (Serialized files now loaded: 0)
System memory in use before: 95.6 MB.
System memory in use after: 95.6 MB.

Unloading 14 unused Assets to reduce memory usage. Loaded Objects now: 1934.
Total: 1.676300 ms (FindLiveObjects: 0.171000 ms CreateObjectMapping: 0.030600 ms MarkObjects: 1.393000 ms  DeleteObjects: 0.080600 ms)

========================================================================
Received Import Request.
  Time since last request: 23.399143 seconds.
  path: Assets/Scripts/UI/Game/GameUI_CVMCounter.cs
  artifactKey: Guid(c331a0057692acc448bd7f37897471d0) Importer(815301076,1909f56bfc062723c751e8b465ee728b)
Start importing Assets/Scripts/UI/Game/GameUI_CVMCounter.cs using Guid(c331a0057692acc448bd7f37897471d0) Importer(815301076,1909f56bfc062723c751e8b465ee728b)  -> (artifact id: '95b24a643cc01e38c6599556eae16138') in 0.005052 seconds
  Import took 0.007179 seconds .

========================================================================
Received Prepare
Registering precompiled user dll's ...
Registered in 0.003036 seconds.
Begin MonoManager ReloadAssembly
Native extension for WindowsStandalone target not found
Native extension for WebGL target not found
Refreshing native plugins compatible for Editor in 0.31 ms, found 2 plugins.
Preloading 0 native plugins for Editor in 0.00 ms.
Mono: successfully reloaded assembly
- Completed reload, in  0.740 seconds
Platform modules already initialized, skipping
Refreshing native plugins compatible for Editor in 0.32 ms, found 2 plugins.
Preloading 0 native plugins for Editor in 0.00 ms.
Unloading 1404 Unused Serialized files (Serialized files now loaded: 0)
System memory in use before: 95.6 MB.
System memory in use after: 95.6 MB.

Unloading 14 unused Assets to reduce memory usage. Loaded Objects now: 1937.
Total: 1.827500 ms (FindLiveObjects: 0.158100 ms CreateObjectMapping: 0.031200 ms MarkObjects: 1.568900 ms  DeleteObjects: 0.068300 ms)

========================================================================
Received Import Request.
  Time since last request: 29.430020 seconds.
  path: Assets/Scripts/LevelController.cs
  artifactKey: Guid(bfbb7c2be73d95b419f3af6a98b8f779) Importer(815301076,1909f56bfc062723c751e8b465ee728b)
Start importing Assets/Scripts/LevelController.cs using Guid(bfbb7c2be73d95b419f3af6a98b8f779) Importer(815301076,1909f56bfc062723c751e8b465ee728b)  -> (artifact id: '420479399e3365311e437d2d2ba88b9d') in 0.008774 seconds
  Import took 0.011005 seconds .

========================================================================
Received Prepare
Registering precompiled user dll's ...
Registered in 0.002964 seconds.
Begin MonoManager ReloadAssembly
Native extension for WindowsStandalone target not found
Native extension for WebGL target not found
Refreshing native plugins compatible for Editor in 0.33 ms, found 2 plugins.
Preloading 0 native plugins for Editor in 0.00 ms.
Mono: successfully reloaded assembly
- Completed reload, in  0.748 seconds
Platform modules already initialized, skipping
Refreshing native plugins compatible for Editor in 0.33 ms, found 2 plugins.
Preloading 0 native plugins for Editor in 0.00 ms.
Unloading 1404 Unused Serialized files (Serialized files now loaded: 0)
System memory in use before: 95.6 MB.
System memory in use after: 95.7 MB.

Unloading 14 unused Assets to reduce memory usage. Loaded Objects now: 1940.
Total: 1.686900 ms (FindLiveObjects: 0.164500 ms CreateObjectMapping: 0.032400 ms MarkObjects: 1.411800 ms  DeleteObjects: 0.077200 ms)

========================================================================
Received Prepare
Registering precompiled user dll's ...
Registered in 0.002902 seconds.
Begin MonoManager ReloadAssembly
Native extension for WindowsStandalone target not found
Native extension for WebGL target not found
Refreshing native plugins compatible for Editor in 0.31 ms, found 2 plugins.
Preloading 0 native plugins for Editor in 0.00 ms.
Mono: successfully reloaded assembly
- Completed reload, in  0.729 seconds
Platform modules already initialized, skipping
Refreshing native plugins compatible for Editor in 0.32 ms, found 2 plugins.
Preloading 0 native plugins for Editor in 0.00 ms.
Unloading 1404 Unused Serialized files (Serialized files now loaded: 0)
System memory in use before: 95.6 MB.
System memory in use after: 95.7 MB.

Unloading 14 unused Assets to reduce memory usage. Loaded Objects now: 1943.
Total: 1.651900 ms (FindLiveObjects: 0.161400 ms CreateObjectMapping: 0.031400 ms MarkObjects: 1.383400 ms  DeleteObjects: 0.074900 ms)

========================================================================
Received Import Request.
  Time since last request: 528.117233 seconds.
  path: Assets/Scripts/GameController.cs
  artifactKey: Guid(f884c5bfb1bb2f04ab88891e3334c9a1) Importer(815301076,1909f56bfc062723c751e8b465ee728b)
Start importing Assets/Scripts/GameController.cs using Guid(f884c5bfb1bb2f04ab88891e3334c9a1) Importer(815301076,1909f56bfc062723c751e8b465ee728b)  -> (artifact id: 'f267ab0411b4375ec353db3328261a93') in 0.009042 seconds
  Import took 0.030423 seconds .

========================================================================
Received Prepare
Registering precompiled user dll's ...
Registered in 0.003764 seconds.
Begin MonoManager ReloadAssembly
Native extension for WindowsStandalone target not found
Native extension for WebGL target not found
Refreshing native plugins compatible for Editor in 0.31 ms, found 2 plugins.
Preloading 0 native plugins for Editor in 0.00 ms.
Mono: successfully reloaded assembly
- Completed reload, in  0.729 seconds
Platform modules already initialized, skipping
Refreshing native plugins compatible for Editor in 0.33 ms, found 2 plugins.
Preloading 0 native plugins for Editor in 0.00 ms.
Unloading 1404 Unused Serialized files (Serialized files now loaded: 0)
System memory in use before: 95.6 MB.
System memory in use after: 95.7 MB.

Unloading 14 unused Assets to reduce memory usage. Loaded Objects now: 1946.
Total: 1.599800 ms (FindLiveObjects: 0.157800 ms CreateObjectMapping: 0.031400 ms MarkObjects: 1.345100 ms  DeleteObjects: 0.064800 ms)

========================================================================
Received Import Request.
  Time since last request: 1630.127707 seconds.
  path: Assets/Textures/caveman_head6.png
  artifactKey: Guid(4c8100ade5bd15b4b9c6a494986fdb2c) Importer(815301076,1909f56bfc062723c751e8b465ee728b)
Start importing Assets/Textures/caveman_head6.png using Guid(4c8100ade5bd15b4b9c6a494986fdb2c) Importer(815301076,1909f56bfc062723c751e8b465ee728b)  -> (artifact id: '3763a78e8fb946b94a6638524181db17') in 0.040420 seconds
  Import took 0.042725 seconds .

========================================================================
Received Import Request.
  Time since last request: 0.000205 seconds.
  path: Assets/Textures/caveman_head1.png
  artifactKey: Guid(3f63999a82fcfca40b3d3261d7d8b6e1) Importer(815301076,1909f56bfc062723c751e8b465ee728b)
Start importing Assets/Textures/caveman_head1.png using Guid(3f63999a82fcfca40b3d3261d7d8b6e1) Importer(815301076,1909f56bfc062723c751e8b465ee728b)  -> (artifact id: '6fbc2ed289cf09833d9d388883e710de') in 0.013253 seconds
  Import took 0.015638 seconds .

========================================================================
Received Import Request.
  Time since last request: 0.000331 seconds.
  path: Assets/Textures/caveman_head4.png
  artifactKey: Guid(fe439f8429b505941b6fa3150c2ca285) Importer(815301076,1909f56bfc062723c751e8b465ee728b)
Start importing Assets/Textures/caveman_head4.png using Guid(fe439f8429b505941b6fa3150c2ca285) Importer(815301076,1909f56bfc062723c751e8b465ee728b)  -> (artifact id: '83a43f3da4710ceac0cd3d9a17dc5319') in 0.033437 seconds
  Import took 0.035384 seconds .

========================================================================
Received Import Request.
  Time since last request: 0.000178 seconds.
  path: Assets/Textures/caveman_head7.png
  artifactKey: Guid(60944823c2ab77441a4a8bc24afa6888) Importer(815301076,1909f56bfc062723c751e8b465ee728b)
Start importing Assets/Textures/caveman_head7.png using Guid(60944823c2ab77441a4a8bc24afa6888) Importer(815301076,1909f56bfc062723c751e8b465ee728b)  -> (artifact id: '653b25be1dcf824a7c0964961944d913') in 0.018738 seconds
  Import took 0.020630 seconds .

========================================================================
Received Import Request.
  Time since last request: 0.000214 seconds.
  path: Assets/Textures/caveman_head2.png
  artifactKey: Guid(482514fde998bfb4eb909e89177210f4) Importer(815301076,1909f56bfc062723c751e8b465ee728b)
Start importing Assets/Textures/caveman_head2.png using Guid(482514fde998bfb4eb909e89177210f4) Importer(815301076,1909f56bfc062723c751e8b465ee728b)  -> (artifact id: 'ccf298d65f14043d988ec27b7cbfb4bd') in 0.013143 seconds
  Import took 0.028037 seconds .

========================================================================
Received Import Request.
  Time since last request: 0.000181 seconds.
  path: Assets/Textures/caveman_head5.png
  artifactKey: Guid(21a85f9b8413dd44ab3e75759173cd52) Importer(815301076,1909f56bfc062723c751e8b465ee728b)
Start importing Assets/Textures/caveman_head5.png using Guid(21a85f9b8413dd44ab3e75759173cd52) Importer(815301076,1909f56bfc062723c751e8b465ee728b)  -> (artifact id: '7744f84961c142965cfa0bd4f51855e4') in 0.015760 seconds
  Import took 0.017874 seconds .

========================================================================
Received Import Request.
  Time since last request: 0.000178 seconds.
  path: Assets/Textures/caveman_head3.png
  artifactKey: Guid(89edf662d9d103d4fa23460bc4617e93) Importer(815301076,1909f56bfc062723c751e8b465ee728b)
Start importing Assets/Textures/caveman_head3.png using Guid(89edf662d9d103d4fa23460bc4617e93) Importer(815301076,1909f56bfc062723c751e8b465ee728b)  -> (artifact id: '8d26988eb2255cbc80699cb82cf4d1a2') in 0.041221 seconds
  Import took 0.043090 seconds .

========================================================================
Received Import Request.
  Time since last request: 13.592955 seconds.
  path: Assets/Textures/caveman_head7.png
  artifactKey: Guid(60944823c2ab77441a4a8bc24afa6888) Importer(815301076,1909f56bfc062723c751e8b465ee728b)
Start importing Assets/Textures/caveman_head7.png using Guid(60944823c2ab77441a4a8bc24afa6888) Importer(815301076,1909f56bfc062723c751e8b465ee728b)  -> (artifact id: '9e4ff04e997908a0c307169f81d8456b') in 0.025883 seconds
  Import took 0.028285 seconds .

========================================================================
Received Import Request.
  Time since last request: 0.000197 seconds.
  path: Assets/Textures/caveman_head6.png
  artifactKey: Guid(4c8100ade5bd15b4b9c6a494986fdb2c) Importer(815301076,1909f56bfc062723c751e8b465ee728b)
Start importing Assets/Textures/caveman_head6.png using Guid(4c8100ade5bd15b4b9c6a494986fdb2c) Importer(815301076,1909f56bfc062723c751e8b465ee728b)  -> (artifact id: '36cdfa3425d49f3074d4c183d35ab3c4') in 0.066616 seconds
  Import took 0.068443 seconds .

========================================================================
Received Import Request.
  Time since last request: 0.000187 seconds.
  path: Assets/Textures/caveman_head1.png
  artifactKey: Guid(3f63999a82fcfca40b3d3261d7d8b6e1) Importer(815301076,1909f56bfc062723c751e8b465ee728b)
Start importing Assets/Textures/caveman_head1.png using Guid(3f63999a82fcfca40b3d3261d7d8b6e1) Importer(815301076,1909f56bfc062723c751e8b465ee728b)  -> (artifact id: '1ac3d3abca3182dfd4c8194b22677643') in 0.014938 seconds
  Import took 0.029863 seconds .

========================================================================
Received Import Request.
  Time since last request: 0.000183 seconds.
  path: Assets/Textures/caveman_head4.png
  artifactKey: Guid(fe439f8429b505941b6fa3150c2ca285) Importer(815301076,1909f56bfc062723c751e8b465ee728b)
Start importing Assets/Textures/caveman_head4.png using Guid(fe439f8429b505941b6fa3150c2ca285) Importer(815301076,1909f56bfc062723c751e8b465ee728b)  -> (artifact id: '4ffc7cf6a94b9d454611da4921e871c2') in 0.021781 seconds
  Import took 0.023852 seconds .

========================================================================
Received Import Request.
  Time since last request: 0.000171 seconds.
  path: Assets/Textures/caveman_head1.png
  artifactKey: Guid(3f63999a82fcfca40b3d3261d7d8b6e1) Importer(815301076,1909f56bfc062723c751e8b465ee728b)
Start importing Assets/Textures/caveman_head1.png using Guid(3f63999a82fcfca40b3d3261d7d8b6e1) Importer(815301076,1909f56bfc062723c751e8b465ee728b)  -> (artifact id: '1ac3d3abca3182dfd4c8194b22677643') in 0.035662 seconds
  Import took 0.037527 seconds .

========================================================================
Received Import Request.
  Time since last request: 0.000192 seconds.
  path: Assets/Textures/caveman_head2.png
  artifactKey: Guid(482514fde998bfb4eb909e89177210f4) Importer(815301076,1909f56bfc062723c751e8b465ee728b)
Start importing Assets/Textures/caveman_head2.png using Guid(482514fde998bfb4eb909e89177210f4) Importer(815301076,1909f56bfc062723c751e8b465ee728b)  -> (artifact id: '32874268c1888733625bcff1ad3e7b14') in 0.046469 seconds
  Import took 0.048586 seconds .

========================================================================
Received Import Request.
  Time since last request: 0.000192 seconds.
  path: Assets/Textures/caveman_head5.png
  artifactKey: Guid(21a85f9b8413dd44ab3e75759173cd52) Importer(815301076,1909f56bfc062723c751e8b465ee728b)
Start importing Assets/Textures/caveman_head5.png using Guid(21a85f9b8413dd44ab3e75759173cd52) Importer(815301076,1909f56bfc062723c751e8b465ee728b)  -> (artifact id: '58dc400c124ebc8bed10f597ebbc5e24') in 0.014291 seconds
  Import took 0.041184 seconds .

========================================================================
Received Import Request.
  Time since last request: 0.000181 seconds.
  path: Assets/Textures/caveman_head3.png
  artifactKey: Guid(89edf662d9d103d4fa23460bc4617e93) Importer(815301076,1909f56bfc062723c751e8b465ee728b)
Start importing Assets/Textures/caveman_head3.png using Guid(89edf662d9d103d4fa23460bc4617e93) Importer(815301076,1909f56bfc062723c751e8b465ee728b)  -> (artifact id: 'b19be00c46afb10bd51f8f179bb59c0c') in 0.014419 seconds
  Import took 0.028606 seconds .

========================================================================
Received Import Request.
  Time since last request: 132.070792 seconds.
  path: Assets/Textures/caveman_head4.png
  artifactKey: Guid(fe439f8429b505941b6fa3150c2ca285) Importer(815301076,1909f56bfc062723c751e8b465ee728b)
Start importing Assets/Textures/caveman_head4.png using Guid(fe439f8429b505941b6fa3150c2ca285) Importer(815301076,1909f56bfc062723c751e8b465ee728b)  -> (artifact id: '3de591bbf2d6939923a02f68229775fd') in 0.012177 seconds
  Import took 0.027635 seconds .

========================================================================
Received Import Request.
  Time since last request: 0.015924 seconds.
  path: Assets/Textures/caveman_head4.png
  artifactKey: Guid(fe439f8429b505941b6fa3150c2ca285) Importer(815301076,1909f56bfc062723c751e8b465ee728b)
Start importing Assets/Textures/caveman_head4.png using Guid(fe439f8429b505941b6fa3150c2ca285) Importer(815301076,1909f56bfc062723c751e8b465ee728b)  -> (artifact id: '3de591bbf2d6939923a02f68229775fd') in 0.037507 seconds
  Import took 0.039594 seconds .

========================================================================
Received Import Request.
  Time since last request: 266.742860 seconds.
  path: Assets/Textures/caveman_head.png
  artifactKey: Guid(877d6439e4cbe41478302f5cb66e9204) Importer(815301076,1909f56bfc062723c751e8b465ee728b)
Start importing Assets/Textures/caveman_head.png using Guid(877d6439e4cbe41478302f5cb66e9204) Importer(815301076,1909f56bfc062723c751e8b465ee728b)  -> (artifact id: '3d56b1e34c5911a556dc85b3e86cf6ee') in 0.022919 seconds
  Import took 0.025183 seconds .

========================================================================
Received Import Request.
  Time since last request: 0.000199 seconds.
  path: Assets/Textures/caveman_head0.png
  artifactKey: Guid(b1e35ba3aebeff5489bb7f2aab36f0b4) Importer(815301076,1909f56bfc062723c751e8b465ee728b)
Start importing Assets/Textures/caveman_head0.png using Guid(b1e35ba3aebeff5489bb7f2aab36f0b4) Importer(815301076,1909f56bfc062723c751e8b465ee728b)  -> (artifact id: 'e2dfe9e7b119b80da2102672c3d82a32') in 0.009775 seconds
  Import took 0.011937 seconds .

========================================================================
Received Import Request.
  Time since last request: 22.543226 seconds.
  path: Assets/Textures/caveman_head.png
  artifactKey: Guid(877d6439e4cbe41478302f5cb66e9204) Importer(815301076,1909f56bfc062723c751e8b465ee728b)
Start importing Assets/Textures/caveman_head.png using Guid(877d6439e4cbe41478302f5cb66e9204) Importer(815301076,1909f56bfc062723c751e8b465ee728b)  -> (artifact id: '4130ccd2b5a844b13a5db40374a8ae31') in 0.010055 seconds
  Import took 0.012209 seconds .

========================================================================
Received Import Request.
  Time since last request: 0.004069 seconds.
  path: Assets/Textures/caveman_head.png
  artifactKey: Guid(877d6439e4cbe41478302f5cb66e9204) Importer(815301076,1909f56bfc062723c751e8b465ee728b)
Start importing Assets/Textures/caveman_head.png using Guid(877d6439e4cbe41478302f5cb66e9204) Importer(815301076,1909f56bfc062723c751e8b465ee728b)  -> (artifact id: '4130ccd2b5a844b13a5db40374a8ae31') in 0.010755 seconds
  Import took 0.012660 seconds .

========================================================================
Received Prepare
Registering precompiled user dll's ...
Registered in 0.002940 seconds.
Begin MonoManager ReloadAssembly
Native extension for WindowsStandalone target not found
Native extension for WebGL target not found
Refreshing native plugins compatible for Editor in 0.33 ms, found 2 plugins.
Preloading 0 native plugins for Editor in 0.00 ms.
Mono: successfully reloaded assembly
- Completed reload, in  0.794 seconds
Platform modules already initialized, skipping
Refreshing native plugins compatible for Editor in 0.33 ms, found 2 plugins.
Preloading 0 native plugins for Editor in 0.00 ms.
Unloading 1438 Unused Serialized files (Serialized files now loaded: 0)
System memory in use before: 96.7 MB.
System memory in use after: 96.7 MB.

Unloading 14 unused Assets to reduce memory usage. Loaded Objects now: 1989.
Total: 1.697400 ms (FindLiveObjects: 0.145900 ms CreateObjectMapping: 0.032400 ms MarkObjects: 1.412800 ms  DeleteObjects: 0.105500 ms)

========================================================================
Received Import Request.
  Time since last request: 61.475754 seconds.
  path: Assets/Textures/caveman_head.png
  artifactKey: Guid(877d6439e4cbe41478302f5cb66e9204) Importer(815301076,1909f56bfc062723c751e8b465ee728b)
Start importing Assets/Textures/caveman_head.png using Guid(877d6439e4cbe41478302f5cb66e9204) Importer(815301076,1909f56bfc062723c751e8b465ee728b)  -> (artifact id: '7e2e5181378a90affcbcd2e81c7a3016') in 0.061565 seconds
  Import took 0.063961 seconds .

========================================================================
Received Import Request.
  Time since last request: 141.259638 seconds.
  path: Assets/Animations/UI
  artifactKey: Guid(bb02ac765f34a214aa2f25643ffc9b99) Importer(815301076,1909f56bfc062723c751e8b465ee728b)
Start importing Assets/Animations/UI using Guid(bb02ac765f34a214aa2f25643ffc9b99) Importer(815301076,1909f56bfc062723c751e8b465ee728b)  -> (artifact id: 'd8ed11156c1d995ebfa80da0f493152a') in 0.002467 seconds
  Import took 0.004654 seconds .

========================================================================
Received Import Request.
  Time since last request: 0.792193 seconds.
  path: Assets/Animations/UI/caveman_head_0.controller
  artifactKey: Guid(2fca2002470895046a8869a3fb5e9c90) Importer(815301076,1909f56bfc062723c751e8b465ee728b)
Start importing Assets/Animations/UI/caveman_head_0.controller using Guid(2fca2002470895046a8869a3fb5e9c90) Importer(815301076,1909f56bfc062723c751e8b465ee728b)  -> (artifact id: '6bd15ee030c18cafd3ab9aac6ee4fa2d') in 0.008150 seconds
  Import took 0.010390 seconds .

========================================================================
Received Import Request.
  Time since last request: 0.696720 seconds.
  path: Assets/Animations/UI/Caveman_Ico.anim
  artifactKey: Guid(9454fca5c24e4e144994c01151fcd939) Importer(815301076,1909f56bfc062723c751e8b465ee728b)
Start importing Assets/Animations/UI/Caveman_Ico.anim using Guid(9454fca5c24e4e144994c01151fcd939) Importer(815301076,1909f56bfc062723c751e8b465ee728b)  -> (artifact id: '64506ce76c1d05fa8a985f0c2a53387a') in 0.007595 seconds
  Import took 0.009812 seconds .

========================================================================
Received Import Request.
  Time since last request: 0.000269 seconds.
  path: Assets/Animations/UI/Caveman_Ico.anim
  artifactKey: Guid(9454fca5c24e4e144994c01151fcd939) Importer(815301076,1909f56bfc062723c751e8b465ee728b)
Start importing Assets/Animations/UI/Caveman_Ico.anim using Guid(9454fca5c24e4e144994c01151fcd939) Importer(815301076,1909f56bfc062723c751e8b465ee728b)  -> (artifact id: '64506ce76c1d05fa8a985f0c2a53387a') in 0.002504 seconds
  Import took 0.004298 seconds .

========================================================================
Received Prepare
Registering precompiled user dll's ...
Registered in 0.003008 seconds.
Begin MonoManager ReloadAssembly
Native extension for WindowsStandalone target not found
Native extension for WebGL target not found
Refreshing native plugins compatible for Editor in 0.32 ms, found 2 plugins.
Preloading 0 native plugins for Editor in 0.00 ms.
Mono: successfully reloaded assembly
- Completed reload, in  0.736 seconds
Platform modules already initialized, skipping
Refreshing native plugins compatible for Editor in 0.33 ms, found 2 plugins.
Preloading 0 native plugins for Editor in 0.00 ms.
Unloading 1438 Unused Serialized files (Serialized files now loaded: 0)
System memory in use before: 96.7 MB.
System memory in use after: 96.8 MB.

Unloading 14 unused Assets to reduce memory usage. Loaded Objects now: 2007.
Total: 1.634100 ms (FindLiveObjects: 0.142000 ms CreateObjectMapping: 0.031600 ms MarkObjects: 1.392800 ms  DeleteObjects: 0.067100 ms)

========================================================================
Received Prepare
Registering precompiled user dll's ...
Registered in 0.002748 seconds.
Begin MonoManager ReloadAssembly
Native extension for WindowsStandalone target not found
Native extension for WebGL target not found
Refreshing native plugins compatible for Editor in 0.32 ms, found 2 plugins.
Preloading 0 native plugins for Editor in 0.00 ms.
Mono: successfully reloaded assembly
- Completed reload, in  0.755 seconds
Platform modules already initialized, skipping
Refreshing native plugins compatible for Editor in 0.33 ms, found 2 plugins.
Preloading 0 native plugins for Editor in 0.00 ms.
Unloading 1438 Unused Serialized files (Serialized files now loaded: 0)
System memory in use before: 96.7 MB.
System memory in use after: 96.8 MB.

Unloading 14 unused Assets to reduce memory usage. Loaded Objects now: 2010.
Total: 1.926900 ms (FindLiveObjects: 0.157300 ms CreateObjectMapping: 0.032300 ms MarkObjects: 1.664900 ms  DeleteObjects: 0.071300 ms)

========================================================================
Received Prepare
Registering precompiled user dll's ...
Registered in 0.002823 seconds.
Begin MonoManager ReloadAssembly
Native extension for WindowsStandalone target not found
Native extension for WebGL target not found
Refreshing native plugins compatible for Editor in 0.33 ms, found 2 plugins.
Preloading 0 native plugins for Editor in 0.00 ms.
Mono: successfully reloaded assembly
- Completed reload, in  0.720 seconds
Platform modules already initialized, skipping
Refreshing native plugins compatible for Editor in 0.33 ms, found 2 plugins.
Preloading 0 native plugins for Editor in 0.00 ms.
Unloading 1438 Unused Serialized files (Serialized files now loaded: 0)
System memory in use before: 96.7 MB.
System memory in use after: 96.8 MB.

Unloading 14 unused Assets to reduce memory usage. Loaded Objects now: 2013.
Total: 1.645800 ms (FindLiveObjects: 0.143200 ms CreateObjectMapping: 0.032300 ms MarkObjects: 1.399200 ms  DeleteObjects: 0.070100 ms)

========================================================================
Received Prepare
Registering precompiled user dll's ...
Registered in 0.002903 seconds.
Begin MonoManager ReloadAssembly
Native extension for WindowsStandalone target not found
Native extension for WebGL target not found
Refreshing native plugins compatible for Editor in 0.32 ms, found 2 plugins.
Preloading 0 native plugins for Editor in 0.00 ms.
Mono: successfully reloaded assembly
- Completed reload, in  0.716 seconds
Platform modules already initialized, skipping
Refreshing native plugins compatible for Editor in 0.32 ms, found 2 plugins.
Preloading 0 native plugins for Editor in 0.00 ms.
Unloading 1438 Unused Serialized files (Serialized files now loaded: 0)
System memory in use before: 96.7 MB.
System memory in use after: 96.8 MB.

Unloading 14 unused Assets to reduce memory usage. Loaded Objects now: 2016.
Total: 1.701000 ms (FindLiveObjects: 0.176300 ms CreateObjectMapping: 0.038900 ms MarkObjects: 1.415600 ms  DeleteObjects: 0.069000 ms)

========================================================================
Received Prepare
Registering precompiled user dll's ...
Registered in 0.002897 seconds.
Begin MonoManager ReloadAssembly
Native extension for WindowsStandalone target not found
Native extension for WebGL target not found
Refreshing native plugins compatible for Editor in 0.32 ms, found 2 plugins.
Preloading 0 native plugins for Editor in 0.00 ms.
Mono: successfully reloaded assembly
- Completed reload, in  0.736 seconds
Platform modules already initialized, skipping
Refreshing native plugins compatible for Editor in 0.44 ms, found 2 plugins.
Preloading 0 native plugins for Editor in 0.00 ms.
Unloading 1438 Unused Serialized files (Serialized files now loaded: 0)
System memory in use before: 96.7 MB.
System memory in use after: 96.8 MB.

Unloading 14 unused Assets to reduce memory usage. Loaded Objects now: 2019.
Total: 1.667000 ms (FindLiveObjects: 0.135000 ms CreateObjectMapping: 0.030700 ms MarkObjects: 1.427100 ms  DeleteObjects: 0.073300 ms)

========================================================================
Received Prepare
Registering precompiled user dll's ...
Registered in 0.002792 seconds.
Begin MonoManager ReloadAssembly
Native extension for WindowsStandalone target not found
Native extension for WebGL target not found
Refreshing native plugins compatible for Editor in 0.32 ms, found 2 plugins.
Preloading 0 native plugins for Editor in 0.00 ms.
Mono: successfully reloaded assembly
- Completed reload, in  0.719 seconds
Platform modules already initialized, skipping
Refreshing native plugins compatible for Editor in 0.32 ms, found 2 plugins.
Preloading 0 native plugins for Editor in 0.00 ms.
Unloading 1438 Unused Serialized files (Serialized files now loaded: 0)
System memory in use before: 96.7 MB.
System memory in use after: 96.8 MB.

Unloading 14 unused Assets to reduce memory usage. Loaded Objects now: 2022.
Total: 1.624400 ms (FindLiveObjects: 0.141600 ms CreateObjectMapping: 0.031600 ms MarkObjects: 1.382900 ms  DeleteObjects: 0.067600 ms)

========================================================================
Received Prepare
Registering precompiled user dll's ...
Registered in 0.002834 seconds.
Begin MonoManager ReloadAssembly
Native extension for WindowsStandalone target not found
Native extension for WebGL target not found
Refreshing native plugins compatible for Editor in 0.32 ms, found 2 plugins.
Preloading 0 native plugins for Editor in 0.00 ms.
Mono: successfully reloaded assembly
- Completed reload, in  0.731 seconds
Platform modules already initialized, skipping
Refreshing native plugins compatible for Editor in 0.32 ms, found 2 plugins.
Preloading 0 native plugins for Editor in 0.00 ms.
Unloading 1438 Unused Serialized files (Serialized files now loaded: 0)
System memory in use before: 96.7 MB.
System memory in use after: 96.8 MB.

Unloading 14 unused Assets to reduce memory usage. Loaded Objects now: 2025.
Total: 1.770300 ms (FindLiveObjects: 0.185200 ms CreateObjectMapping: 0.039100 ms MarkObjects: 1.473800 ms  DeleteObjects: 0.071100 ms)

========================================================================
Received Prepare
Registering precompiled user dll's ...
Registered in 0.002858 seconds.
Begin MonoManager ReloadAssembly
Native extension for WindowsStandalone target not found
Native extension for WebGL target not found
Refreshing native plugins compatible for Editor in 0.32 ms, found 2 plugins.
Preloading 0 native plugins for Editor in 0.00 ms.
Mono: successfully reloaded assembly
- Completed reload, in  0.727 seconds
Platform modules already initialized, skipping
Refreshing native plugins compatible for Editor in 0.33 ms, found 2 plugins.
Preloading 0 native plugins for Editor in 0.00 ms.
Unloading 1438 Unused Serialized files (Serialized files now loaded: 0)
System memory in use before: 96.7 MB.
System memory in use after: 96.8 MB.

Unloading 14 unused Assets to reduce memory usage. Loaded Objects now: 2028.
Total: 1.684400 ms (FindLiveObjects: 0.142200 ms CreateObjectMapping: 0.031400 ms MarkObjects: 1.433800 ms  DeleteObjects: 0.076100 ms)

========================================================================
Received Prepare
Registering precompiled user dll's ...
Registered in 0.002814 seconds.
Begin MonoManager ReloadAssembly
Native extension for WindowsStandalone target not found
Native extension for WebGL target not found
Refreshing native plugins compatible for Editor in 0.32 ms, found 2 plugins.
Preloading 0 native plugins for Editor in 0.00 ms.
Mono: successfully reloaded assembly
- Completed reload, in  0.732 seconds
Platform modules already initialized, skipping
Refreshing native plugins compatible for Editor in 0.33 ms, found 2 plugins.
Preloading 0 native plugins for Editor in 0.00 ms.
Unloading 1438 Unused Serialized files (Serialized files now loaded: 0)
System memory in use before: 96.7 MB.
System memory in use after: 96.8 MB.

Unloading 14 unused Assets to reduce memory usage. Loaded Objects now: 2031.
Total: 1.630400 ms (FindLiveObjects: 0.140700 ms CreateObjectMapping: 0.032700 ms MarkObjects: 1.387400 ms  DeleteObjects: 0.068600 ms)

========================================================================
Received Prepare
Registering precompiled user dll's ...
Registered in 0.002774 seconds.
Begin MonoManager ReloadAssembly
Native extension for WindowsStandalone target not found
Native extension for WebGL target not found
Refreshing native plugins compatible for Editor in 0.34 ms, found 2 plugins.
Preloading 0 native plugins for Editor in 0.00 ms.
Mono: successfully reloaded assembly
- Completed reload, in  0.730 seconds
Platform modules already initialized, skipping
Refreshing native plugins compatible for Editor in 0.33 ms, found 2 plugins.
Preloading 0 native plugins for Editor in 0.00 ms.
Unloading 1438 Unused Serialized files (Serialized files now loaded: 0)
System memory in use before: 96.7 MB.
System memory in use after: 96.8 MB.

Unloading 14 unused Assets to reduce memory usage. Loaded Objects now: 2034.
Total: 1.633500 ms (FindLiveObjects: 0.159300 ms CreateObjectMapping: 0.031500 ms MarkObjects: 1.373600 ms  DeleteObjects: 0.068300 ms)

========================================================================
Received Prepare
Registering precompiled user dll's ...
Registered in 0.002864 seconds.
Begin MonoManager ReloadAssembly
Native extension for WindowsStandalone target not found
Native extension for WebGL target not found
Refreshing native plugins compatible for Editor in 0.32 ms, found 2 plugins.
Preloading 0 native plugins for Editor in 0.00 ms.
Mono: successfully reloaded assembly
- Completed reload, in  0.727 seconds
Platform modules already initialized, skipping
Refreshing native plugins compatible for Editor in 0.37 ms, found 2 plugins.
Preloading 0 native plugins for Editor in 0.00 ms.
Unloading 1438 Unused Serialized files (Serialized files now loaded: 0)
System memory in use before: 96.8 MB.
System memory in use after: 96.8 MB.

Unloading 14 unused Assets to reduce memory usage. Loaded Objects now: 2037.
Total: 1.627700 ms (FindLiveObjects: 0.144300 ms CreateObjectMapping: 0.032800 ms MarkObjects: 1.380900 ms  DeleteObjects: 0.068900 ms)

========================================================================
Received Prepare
Registering precompiled user dll's ...
Registered in 0.003062 seconds.
Begin MonoManager ReloadAssembly
Native extension for WindowsStandalone target not found
Native extension for WebGL target not found
Refreshing native plugins compatible for Editor in 0.33 ms, found 2 plugins.
Preloading 0 native plugins for Editor in 0.00 ms.
Mono: successfully reloaded assembly
- Completed reload, in  0.726 seconds
Platform modules already initialized, skipping
Refreshing native plugins compatible for Editor in 0.33 ms, found 2 plugins.
Preloading 0 native plugins for Editor in 0.00 ms.
Unloading 1438 Unused Serialized files (Serialized files now loaded: 0)
System memory in use before: 96.8 MB.
System memory in use after: 96.8 MB.

Unloading 14 unused Assets to reduce memory usage. Loaded Objects now: 2040.
Total: 1.942900 ms (FindLiveObjects: 0.172800 ms CreateObjectMapping: 0.032900 ms MarkObjects: 1.660400 ms  DeleteObjects: 0.075800 ms)

========================================================================
Received Import Request.
  Time since last request: 1955.866352 seconds.
  path: Assets/Scripts/Player/Dino_Move.cs
  artifactKey: Guid(a4cfd6081d0366d43808a836d46063cd) Importer(815301076,1909f56bfc062723c751e8b465ee728b)
Start importing Assets/Scripts/Player/Dino_Move.cs using Guid(a4cfd6081d0366d43808a836d46063cd) Importer(815301076,1909f56bfc062723c751e8b465ee728b)  -> (artifact id: '546be15fb6266e02a27c8216e5a5dc61') in 0.007937 seconds
  Import took 0.010111 seconds .

========================================================================
Received Import Request.
  Time since last request: 0.015699 seconds.
  path: Assets/Scripts/Player/Dino_Move.cs
  artifactKey: Guid(a4cfd6081d0366d43808a836d46063cd) Importer(815301076,1909f56bfc062723c751e8b465ee728b)
Start importing Assets/Scripts/Player/Dino_Move.cs using Guid(a4cfd6081d0366d43808a836d46063cd) Importer(815301076,1909f56bfc062723c751e8b465ee728b)  -> (artifact id: '546be15fb6266e02a27c8216e5a5dc61') in 0.001947 seconds
  Import took 0.003795 seconds .

========================================================================
Received Prepare
Registering precompiled user dll's ...
Registered in 0.002834 seconds.
Begin MonoManager ReloadAssembly
Native extension for WindowsStandalone target not found
Native extension for WebGL target not found
Refreshing native plugins compatible for Editor in 0.32 ms, found 2 plugins.
Preloading 0 native plugins for Editor in 0.00 ms.
Mono: successfully reloaded assembly
- Completed reload, in  0.748 seconds
Platform modules already initialized, skipping
Refreshing native plugins compatible for Editor in 0.32 ms, found 2 plugins.
Preloading 0 native plugins for Editor in 0.00 ms.
Unloading 1438 Unused Serialized files (Serialized files now loaded: 0)
System memory in use before: 96.8 MB.
System memory in use after: 96.8 MB.

Unloading 14 unused Assets to reduce memory usage. Loaded Objects now: 2043.
Total: 1.636500 ms (FindLiveObjects: 0.146900 ms CreateObjectMapping: 0.031000 ms MarkObjects: 1.387500 ms  DeleteObjects: 0.070300 ms)

========================================================================
Received Prepare
Registering precompiled user dll's ...
Registered in 0.003089 seconds.
Begin MonoManager ReloadAssembly
Native extension for WindowsStandalone target not found
Native extension for WebGL target not found
Refreshing native plugins compatible for Editor in 0.32 ms, found 2 plugins.
Preloading 0 native plugins for Editor in 0.00 ms.
Mono: successfully reloaded assembly
- Completed reload, in  0.749 seconds
Platform modules already initialized, skipping
Refreshing native plugins compatible for Editor in 0.34 ms, found 2 plugins.
Preloading 0 native plugins for Editor in 0.00 ms.
Unloading 1438 Unused Serialized files (Serialized files now loaded: 0)
System memory in use before: 96.8 MB.
System memory in use after: 96.9 MB.

Unloading 14 unused Assets to reduce memory usage. Loaded Objects now: 2046.
Total: 1.692800 ms (FindLiveObjects: 0.165900 ms CreateObjectMapping: 0.033800 ms MarkObjects: 1.419100 ms  DeleteObjects: 0.073200 ms)

========================================================================
Received Prepare
Registering precompiled user dll's ...
Registered in 0.002861 seconds.
Begin MonoManager ReloadAssembly
Native extension for WindowsStandalone target not found
Native extension for WebGL target not found
Refreshing native plugins compatible for Editor in 0.33 ms, found 2 plugins.
Preloading 0 native plugins for Editor in 0.00 ms.
Mono: successfully reloaded assembly
- Completed reload, in  0.727 seconds
Platform modules already initialized, skipping
Refreshing native plugins compatible for Editor in 0.33 ms, found 2 plugins.
Preloading 0 native plugins for Editor in 0.00 ms.
Unloading 1438 Unused Serialized files (Serialized files now loaded: 0)
System memory in use before: 96.8 MB.
System memory in use after: 96.8 MB.

Unloading 14 unused Assets to reduce memory usage. Loaded Objects now: 2049.
Total: 1.897800 ms (FindLiveObjects: 0.174600 ms CreateObjectMapping: 0.032900 ms MarkObjects: 1.613700 ms  DeleteObjects: 0.075400 ms)

AssetImportWorkerClient::OnTransportError - code=2 error=End of file
