Using pre-set license
Built from '2020.3/staging' branch; Version is '2020.3.11f1 (99c7afb366b3) revision 10078127'; Using compiler version '192528614'; Build Type 'Release'
OS: 'Windows 10 Home; OS build 19042.1165; Version 2009; 64bit' Language: 'en' Physical Memory: 32695 MB
BatchMode: 1, IsHumanControllingUs: 0, StartBugReporterOnCrash: 0, Is64bit: 1, IsPro: 0

 COMMAND LINE ARGUMENTS:
C:\Program Files\Unity\Hub\Editor\2020.3.11f1\Editor\Unity.exe
-adb2
-batchMode
-noUpm
-name
AssetImportWorker1
-projectPath
D:/Unity Projects/DinoGame_BrackeysJam2021
-logFile
Logs/AssetImportWorker1.log
-srvPort
58106
Successfully changed project path to: D:/Unity Projects/DinoGame_BrackeysJam2021
D:/Unity Projects/DinoGame_BrackeysJam2021
Using Asset Import Pipeline V2.
Refreshing native plugins compatible for Editor in 26.09 ms, found 2 plugins.
Preloading 0 native plugins for Editor in 0.00 ms.
Initialize engine version: 2020.3.11f1 (99c7afb366b3)
[Subsystems] Discovering subsystems at path C:/Program Files/Unity/Hub/Editor/2020.3.11f1/Editor/Data/Resources/UnitySubsystems
[Subsystems] Discovering subsystems at path D:/Unity Projects/DinoGame_BrackeysJam2021/Assets
GfxDevice: creating device client; threaded=0
Direct3D:
    Version:  Direct3D 11.0 [level 11.1]
    Renderer: NVIDIA GeForce RTX 2080 Ti (ID=0x1e07)
    Vendor:   
    VRAM:     11049 MB
    Driver:   27.21.14.6137
Initialize mono
Mono path[0] = 'C:/Program Files/Unity/Hub/Editor/2020.3.11f1/Editor/Data/Managed'
Mono path[1] = 'C:/Program Files/Unity/Hub/Editor/2020.3.11f1/Editor/Data/MonoBleedingEdge/lib/mono/unityjit'
Mono config path = 'C:/Program Files/Unity/Hub/Editor/2020.3.11f1/Editor/Data/MonoBleedingEdge/etc'
Using monoOptions --debugger-agent=transport=dt_socket,embedding=1,server=y,suspend=n,address=127.0.0.1:56728
Begin MonoManager ReloadAssembly
Registering precompiled unity dll's ...
Register platform support module: C:/Program Files/Unity/Hub/Editor/2020.3.11f1/Editor/Data/PlaybackEngines/WebGLSupport/UnityEditor.WebGL.Extensions.dll
Register platform support module: C:/Program Files/Unity/Hub/Editor/2020.3.11f1/Editor/Data/PlaybackEngines/WindowsStandaloneSupport/UnityEditor.WindowsStandalone.Extensions.dll
Registered in 0.002181 seconds.
Native extension for WindowsStandalone target not found
Native extension for WebGL target not found
Refreshing native plugins compatible for Editor in 24.16 ms, found 2 plugins.
Preloading 0 native plugins for Editor in 0.00 ms.
Mono: successfully reloaded assembly
- Completed reload, in  2.142 seconds
Platform modules already initialized, skipping
Registering precompiled user dll's ...
Registered in 0.003049 seconds.
Begin MonoManager ReloadAssembly
Native extension for WindowsStandalone target not found
Native extension for WebGL target not found
Refreshing native plugins compatible for Editor in 0.32 ms, found 2 plugins.
Preloading 0 native plugins for Editor in 0.00 ms.
Mono: successfully reloaded assembly
- Completed reload, in  0.790 seconds
Platform modules already initialized, skipping
========================================================================
Worker process is ready to serve import requests
Launched and connected shader compiler UnityShaderCompiler.exe after 0.04 seconds
Refreshing native plugins compatible for Editor in 0.35 ms, found 2 plugins.
Preloading 0 native plugins for Editor in 0.00 ms.
Unloading 1407 Unused Serialized files (Serialized files now loaded: 0)
System memory in use before: 77.9 MB.
System memory in use after: 77.9 MB.

Unloading 19 unused Assets to reduce memory usage. Loaded Objects now: 1858.
Total: 2.024400 ms (FindLiveObjects: 0.164100 ms CreateObjectMapping: 0.031800 ms MarkObjects: 1.727900 ms  DeleteObjects: 0.099200 ms)

========================================================================
Received Import Request.
  path: Assets/Scripts/Player/Dino_HeadCollision.cs
  artifactKey: Guid(0f9aea4607b9a334d8c599834dc0709a) Importer(815301076,1909f56bfc062723c751e8b465ee728b)
Start importing Assets/Scripts/Player/Dino_HeadCollision.cs using Guid(0f9aea4607b9a334d8c599834dc0709a) Importer(815301076,1909f56bfc062723c751e8b465ee728b)  -> (artifact id: '3a423884fdbc7a569825e9957a7aee65') in 0.022142 seconds
  Import took 0.024221 seconds .

========================================================================
Received Import Request.
  Time since last request: 6.609631 seconds.
  path: Assets/Scripts/Player/Dino_HeadCollision.cs
  artifactKey: Guid(0f9aea4607b9a334d8c599834dc0709a) Importer(815301076,1909f56bfc062723c751e8b465ee728b)
Start importing Assets/Scripts/Player/Dino_HeadCollision.cs using Guid(0f9aea4607b9a334d8c599834dc0709a) Importer(815301076,1909f56bfc062723c751e8b465ee728b)  -> (artifact id: 'efd3749122770a568fee2f60173bbe6c') in 0.002286 seconds
  Import took 0.004431 seconds .

========================================================================
Received Prepare
Registering precompiled user dll's ...
Registered in 0.002769 seconds.
Begin MonoManager ReloadAssembly
Native extension for WindowsStandalone target not found
Native extension for WebGL target not found
Refreshing native plugins compatible for Editor in 0.30 ms, found 2 plugins.
Preloading 0 native plugins for Editor in 0.00 ms.
Mono: successfully reloaded assembly
- Completed reload, in  0.731 seconds
Platform modules already initialized, skipping
Refreshing native plugins compatible for Editor in 0.31 ms, found 2 plugins.
Preloading 0 native plugins for Editor in 0.00 ms.
Unloading 1402 Unused Serialized files (Serialized files now loaded: 0)
System memory in use before: 77.8 MB.
System memory in use after: 77.9 MB.

Unloading 14 unused Assets to reduce memory usage. Loaded Objects now: 1861.
Total: 1.656200 ms (FindLiveObjects: 0.156000 ms CreateObjectMapping: 0.036000 ms MarkObjects: 1.390000 ms  DeleteObjects: 0.066200 ms)

========================================================================
Received Prepare
Registering precompiled user dll's ...
Registered in 0.002844 seconds.
Begin MonoManager ReloadAssembly
Native extension for WindowsStandalone target not found
Native extension for WebGL target not found
Refreshing native plugins compatible for Editor in 0.32 ms, found 2 plugins.
Preloading 0 native plugins for Editor in 0.00 ms.
Mono: successfully reloaded assembly
- Completed reload, in  0.726 seconds
Platform modules already initialized, skipping
Refreshing native plugins compatible for Editor in 0.31 ms, found 2 plugins.
Preloading 0 native plugins for Editor in 0.00 ms.
Unloading 1402 Unused Serialized files (Serialized files now loaded: 0)
System memory in use before: 77.9 MB.
System memory in use after: 77.9 MB.

Unloading 14 unused Assets to reduce memory usage. Loaded Objects now: 1864.
Total: 1.670400 ms (FindLiveObjects: 0.153400 ms CreateObjectMapping: 0.036700 ms MarkObjects: 1.416800 ms  DeleteObjects: 0.062800 ms)

========================================================================
Received Prepare
Registering precompiled user dll's ...
Registered in 0.002762 seconds.
Begin MonoManager ReloadAssembly
Native extension for WindowsStandalone target not found
Native extension for WebGL target not found
Refreshing native plugins compatible for Editor in 0.31 ms, found 2 plugins.
Preloading 0 native plugins for Editor in 0.00 ms.
Mono: successfully reloaded assembly
- Completed reload, in  0.735 seconds
Platform modules already initialized, skipping
Refreshing native plugins compatible for Editor in 0.31 ms, found 2 plugins.
Preloading 0 native plugins for Editor in 0.00 ms.
Unloading 1402 Unused Serialized files (Serialized files now loaded: 0)
System memory in use before: 77.9 MB.
System memory in use after: 78.0 MB.

Unloading 14 unused Assets to reduce memory usage. Loaded Objects now: 1867.
Total: 1.934500 ms (FindLiveObjects: 0.181900 ms CreateObjectMapping: 0.031100 ms MarkObjects: 1.651000 ms  DeleteObjects: 0.069000 ms)

========================================================================
Received Prepare
Registering precompiled user dll's ...
Registered in 0.002783 seconds.
Begin MonoManager ReloadAssembly
Native extension for WindowsStandalone target not found
Native extension for WebGL target not found
Refreshing native plugins compatible for Editor in 0.30 ms, found 2 plugins.
Preloading 0 native plugins for Editor in 0.00 ms.
Mono: successfully reloaded assembly
- Completed reload, in  0.727 seconds
Platform modules already initialized, skipping
Refreshing native plugins compatible for Editor in 0.32 ms, found 2 plugins.
Preloading 0 native plugins for Editor in 0.00 ms.
Unloading 1402 Unused Serialized files (Serialized files now loaded: 0)
System memory in use before: 77.9 MB.
System memory in use after: 78.0 MB.

Unloading 14 unused Assets to reduce memory usage. Loaded Objects now: 1870.
Total: 1.807600 ms (FindLiveObjects: 0.210100 ms CreateObjectMapping: 0.042300 ms MarkObjects: 1.477800 ms  DeleteObjects: 0.076300 ms)

========================================================================
Received Prepare
Registering precompiled user dll's ...
Registered in 0.002867 seconds.
Begin MonoManager ReloadAssembly
Native extension for WindowsStandalone target not found
Native extension for WebGL target not found
Refreshing native plugins compatible for Editor in 0.32 ms, found 2 plugins.
Preloading 0 native plugins for Editor in 0.00 ms.
Mono: successfully reloaded assembly
- Completed reload, in  0.726 seconds
Platform modules already initialized, skipping
Refreshing native plugins compatible for Editor in 0.33 ms, found 2 plugins.
Preloading 0 native plugins for Editor in 0.00 ms.
Unloading 1402 Unused Serialized files (Serialized files now loaded: 0)
System memory in use before: 77.9 MB.
System memory in use after: 78.0 MB.

Unloading 14 unused Assets to reduce memory usage. Loaded Objects now: 1873.
Total: 1.631800 ms (FindLiveObjects: 0.172000 ms CreateObjectMapping: 0.031700 ms MarkObjects: 1.351900 ms  DeleteObjects: 0.075000 ms)

========================================================================
Received Prepare
Registering precompiled user dll's ...
Registered in 0.002793 seconds.
Begin MonoManager ReloadAssembly
Native extension for WindowsStandalone target not found
Native extension for WebGL target not found
Refreshing native plugins compatible for Editor in 0.35 ms, found 2 plugins.
Preloading 0 native plugins for Editor in 0.00 ms.
Mono: successfully reloaded assembly
- Completed reload, in  0.731 seconds
Platform modules already initialized, skipping
Refreshing native plugins compatible for Editor in 0.31 ms, found 2 plugins.
Preloading 0 native plugins for Editor in 0.00 ms.
Unloading 1402 Unused Serialized files (Serialized files now loaded: 0)
System memory in use before: 77.9 MB.
System memory in use after: 78.0 MB.

Unloading 14 unused Assets to reduce memory usage. Loaded Objects now: 1876.
Total: 1.910000 ms (FindLiveObjects: 0.154400 ms CreateObjectMapping: 0.030400 ms MarkObjects: 1.653100 ms  DeleteObjects: 0.071100 ms)

========================================================================
Received Prepare
Registering precompiled user dll's ...
Registered in 0.003024 seconds.
Begin MonoManager ReloadAssembly
Native extension for WindowsStandalone target not found
Native extension for WebGL target not found
Refreshing native plugins compatible for Editor in 0.31 ms, found 2 plugins.
Preloading 0 native plugins for Editor in 0.00 ms.
Mono: successfully reloaded assembly
- Completed reload, in  0.732 seconds
Platform modules already initialized, skipping
Refreshing native plugins compatible for Editor in 0.30 ms, found 2 plugins.
Preloading 0 native plugins for Editor in 0.00 ms.
Unloading 1402 Unused Serialized files (Serialized files now loaded: 0)
System memory in use before: 77.9 MB.
System memory in use after: 78.0 MB.

Unloading 14 unused Assets to reduce memory usage. Loaded Objects now: 1879.
Total: 1.716600 ms (FindLiveObjects: 0.166100 ms CreateObjectMapping: 0.031600 ms MarkObjects: 1.453100 ms  DeleteObjects: 0.064900 ms)

========================================================================
Received Import Request.
  Time since last request: 427.381224 seconds.
  path: Assets/Scripts/Player/Dino_Neck.cs
  artifactKey: Guid(e0d2ed3364c229a448cb0467fba70b68) Importer(815301076,1909f56bfc062723c751e8b465ee728b)
Start importing Assets/Scripts/Player/Dino_Neck.cs using Guid(e0d2ed3364c229a448cb0467fba70b68) Importer(815301076,1909f56bfc062723c751e8b465ee728b)  -> (artifact id: '47967e3775d881d813c763970aa9bf61') in 0.003631 seconds
  Import took 0.005509 seconds .

========================================================================
Received Import Request.
  Time since last request: 90.206389 seconds.
  path: Assets/Models/Catapult.fbx
  artifactKey: Guid(b5bba404489c07544ba27fa88970f18d) Importer(815301076,1909f56bfc062723c751e8b465ee728b)
Start importing Assets/Models/Catapult.fbx using Guid(b5bba404489c07544ba27fa88970f18d) Importer(815301076,1909f56bfc062723c751e8b465ee728b)  -> (artifact id: 'a8fa157dbf1ec030bbd45ce221cae2b5') in 0.139071 seconds
  Import took 0.141444 seconds .

========================================================================
Received Import Request.
  Time since last request: 312.026512 seconds.
  path: Assets/Models/Catapult.fbx
  artifactKey: Guid(b5bba404489c07544ba27fa88970f18d) Importer(815301076,1909f56bfc062723c751e8b465ee728b)
Start importing Assets/Models/Catapult.fbx using Guid(b5bba404489c07544ba27fa88970f18d) Importer(815301076,1909f56bfc062723c751e8b465ee728b)  -> (artifact id: '8694461f400cc50099e0be7ea6a4258e') in 0.039788 seconds
  Import took 0.042111 seconds .

========================================================================
Received Import Request.
  Time since last request: 61.007549 seconds.
  path: Assets/Models/Catapult.fbx
  artifactKey: Guid(b5bba404489c07544ba27fa88970f18d) Importer(815301076,1909f56bfc062723c751e8b465ee728b)
Start importing Assets/Models/Catapult.fbx using Guid(b5bba404489c07544ba27fa88970f18d) Importer(815301076,1909f56bfc062723c751e8b465ee728b)  -> (artifact id: '3f423181514285a3504079f8ac8b6a69') in 0.086311 seconds
  Import took 0.088726 seconds .

========================================================================
Received Import Request.
  Time since last request: 100.963953 seconds.
  path: Assets/Models/Catapult.fbx
  artifactKey: Guid(b5bba404489c07544ba27fa88970f18d) Importer(815301076,1909f56bfc062723c751e8b465ee728b)
Start importing Assets/Models/Catapult.fbx using Guid(b5bba404489c07544ba27fa88970f18d) Importer(815301076,1909f56bfc062723c751e8b465ee728b)  -> (artifact id: 'eb09329d9a3904a52039c8f26a7b329e') in 0.046460 seconds
  Import took 0.049094 seconds .

========================================================================
Received Import Request.
  Time since last request: 144.697243 seconds.
  path: Assets/Models/Catapult.fbx
  artifactKey: Guid(b5bba404489c07544ba27fa88970f18d) Importer(815301076,1909f56bfc062723c751e8b465ee728b)
Start importing Assets/Models/Catapult.fbx using Guid(b5bba404489c07544ba27fa88970f18d) Importer(815301076,1909f56bfc062723c751e8b465ee728b)  -> (artifact id: '1cc4b1a6d44230808d704e404a886239') in 0.046032 seconds
  Import took 0.048327 seconds .

========================================================================
Received Import Request.
  Time since last request: 71.628454 seconds.
  path: Assets/Scripts/Object/Catapult.cs
  artifactKey: Guid(768bbbb26f3e93141a76213db064111e) Importer(815301076,1909f56bfc062723c751e8b465ee728b)
Start importing Assets/Scripts/Object/Catapult.cs using Guid(768bbbb26f3e93141a76213db064111e) Importer(815301076,1909f56bfc062723c751e8b465ee728b)  -> (artifact id: 'd405655b4c6b5c7e009e7671f7ef6f04') in 0.001526 seconds
  Import took 0.003460 seconds .

========================================================================
Received Prepare
Registering precompiled user dll's ...
Registered in 0.002902 seconds.
Begin MonoManager ReloadAssembly
Native extension for WindowsStandalone target not found
Native extension for WebGL target not found
Refreshing native plugins compatible for Editor in 0.30 ms, found 2 plugins.
Preloading 0 native plugins for Editor in 0.00 ms.
Mono: successfully reloaded assembly
- Completed reload, in  0.720 seconds
Platform modules already initialized, skipping
Refreshing native plugins compatible for Editor in 0.31 ms, found 2 plugins.
Preloading 0 native plugins for Editor in 0.00 ms.
Unloading 1403 Unused Serialized files (Serialized files now loaded: 0)
System memory in use before: 81.4 MB.
System memory in use after: 81.5 MB.

Unloading 14 unused Assets to reduce memory usage. Loaded Objects now: 1926.
Total: 1.936500 ms (FindLiveObjects: 0.147300 ms CreateObjectMapping: 0.031300 ms MarkObjects: 1.688700 ms  DeleteObjects: 0.068200 ms)

========================================================================
Received Prepare
Registering precompiled user dll's ...
Registered in 0.002830 seconds.
Begin MonoManager ReloadAssembly
Native extension for WindowsStandalone target not found
Native extension for WebGL target not found
Refreshing native plugins compatible for Editor in 0.30 ms, found 2 plugins.
Preloading 0 native plugins for Editor in 0.00 ms.
Mono: successfully reloaded assembly
- Completed reload, in  0.718 seconds
Platform modules already initialized, skipping
Refreshing native plugins compatible for Editor in 0.31 ms, found 2 plugins.
Preloading 0 native plugins for Editor in 0.00 ms.
Unloading 1403 Unused Serialized files (Serialized files now loaded: 0)
System memory in use before: 81.4 MB.
System memory in use after: 81.5 MB.

Unloading 14 unused Assets to reduce memory usage. Loaded Objects now: 1929.
Total: 1.947200 ms (FindLiveObjects: 0.162000 ms CreateObjectMapping: 0.035300 ms MarkObjects: 1.677900 ms  DeleteObjects: 0.070900 ms)

========================================================================
Received Import Request.
  Time since last request: 76.628504 seconds.
  path: Assets/Scripts/Object/Catapult.cs
  artifactKey: Guid(768bbbb26f3e93141a76213db064111e) Importer(815301076,1909f56bfc062723c751e8b465ee728b)
Start importing Assets/Scripts/Object/Catapult.cs using Guid(768bbbb26f3e93141a76213db064111e) Importer(815301076,1909f56bfc062723c751e8b465ee728b)  -> (artifact id: '04595645ba2c3e661eda4c557ab5c143') in 0.003470 seconds
  Import took 0.005477 seconds .

========================================================================
Received Prepare
Registering precompiled user dll's ...
Registered in 0.002860 seconds.
Begin MonoManager ReloadAssembly
Native extension for WindowsStandalone target not found
Native extension for WebGL target not found
Refreshing native plugins compatible for Editor in 0.31 ms, found 2 plugins.
Preloading 0 native plugins for Editor in 0.00 ms.
Mono: successfully reloaded assembly
- Completed reload, in  0.742 seconds
Platform modules already initialized, skipping
Refreshing native plugins compatible for Editor in 0.30 ms, found 2 plugins.
Preloading 0 native plugins for Editor in 0.00 ms.
Unloading 1403 Unused Serialized files (Serialized files now loaded: 0)
System memory in use before: 81.4 MB.
System memory in use after: 81.5 MB.

Unloading 14 unused Assets to reduce memory usage. Loaded Objects now: 1932.
Total: 1.655700 ms (FindLiveObjects: 0.146700 ms CreateObjectMapping: 0.033800 ms MarkObjects: 1.407200 ms  DeleteObjects: 0.067200 ms)

========================================================================
Received Prepare
Registering precompiled user dll's ...
Registered in 0.002751 seconds.
Begin MonoManager ReloadAssembly
Native extension for WindowsStandalone target not found
Native extension for WebGL target not found
Refreshing native plugins compatible for Editor in 0.30 ms, found 2 plugins.
Preloading 0 native plugins for Editor in 0.00 ms.
Mono: successfully reloaded assembly
- Completed reload, in  0.735 seconds
Platform modules already initialized, skipping
Refreshing native plugins compatible for Editor in 0.31 ms, found 2 plugins.
Preloading 0 native plugins for Editor in 0.00 ms.
Unloading 1403 Unused Serialized files (Serialized files now loaded: 0)
System memory in use before: 81.5 MB.
System memory in use after: 81.5 MB.

Unloading 14 unused Assets to reduce memory usage. Loaded Objects now: 1935.
Total: 1.639800 ms (FindLiveObjects: 0.134600 ms CreateObjectMapping: 0.030200 ms MarkObjects: 1.408700 ms  DeleteObjects: 0.065700 ms)

========================================================================
Received Prepare
Registering precompiled user dll's ...
Registered in 0.002890 seconds.
Begin MonoManager ReloadAssembly
Native extension for WindowsStandalone target not found
Native extension for WebGL target not found
Refreshing native plugins compatible for Editor in 0.31 ms, found 2 plugins.
Preloading 0 native plugins for Editor in 0.00 ms.
Mono: successfully reloaded assembly
- Completed reload, in  0.724 seconds
Platform modules already initialized, skipping
Refreshing native plugins compatible for Editor in 0.31 ms, found 2 plugins.
Preloading 0 native plugins for Editor in 0.00 ms.
Unloading 1403 Unused Serialized files (Serialized files now loaded: 0)
System memory in use before: 81.5 MB.
System memory in use after: 81.5 MB.

Unloading 14 unused Assets to reduce memory usage. Loaded Objects now: 1938.
Total: 1.667900 ms (FindLiveObjects: 0.151900 ms CreateObjectMapping: 0.031500 ms MarkObjects: 1.418000 ms  DeleteObjects: 0.065700 ms)

========================================================================
Received Prepare
Registering precompiled user dll's ...
Registered in 0.002746 seconds.
Begin MonoManager ReloadAssembly
Native extension for WindowsStandalone target not found
Native extension for WebGL target not found
Refreshing native plugins compatible for Editor in 0.34 ms, found 2 plugins.
Preloading 0 native plugins for Editor in 0.00 ms.
Mono: successfully reloaded assembly
- Completed reload, in  0.724 seconds
Platform modules already initialized, skipping
Refreshing native plugins compatible for Editor in 0.31 ms, found 2 plugins.
Preloading 0 native plugins for Editor in 0.00 ms.
Unloading 1403 Unused Serialized files (Serialized files now loaded: 0)
System memory in use before: 81.5 MB.
System memory in use after: 81.5 MB.

Unloading 14 unused Assets to reduce memory usage. Loaded Objects now: 1941.
Total: 1.622000 ms (FindLiveObjects: 0.138200 ms CreateObjectMapping: 0.031000 ms MarkObjects: 1.375700 ms  DeleteObjects: 0.076300 ms)

========================================================================
Received Prepare
Registering precompiled user dll's ...
Registered in 0.002725 seconds.
Begin MonoManager ReloadAssembly
Native extension for WindowsStandalone target not found
Native extension for WebGL target not found
Refreshing native plugins compatible for Editor in 0.31 ms, found 2 plugins.
Preloading 0 native plugins for Editor in 0.00 ms.
Mono: successfully reloaded assembly
- Completed reload, in  0.722 seconds
Platform modules already initialized, skipping
Refreshing native plugins compatible for Editor in 0.32 ms, found 2 plugins.
Preloading 0 native plugins for Editor in 0.00 ms.
Unloading 1403 Unused Serialized files (Serialized files now loaded: 0)
System memory in use before: 81.5 MB.
System memory in use after: 81.5 MB.

Unloading 14 unused Assets to reduce memory usage. Loaded Objects now: 1944.
Total: 1.736400 ms (FindLiveObjects: 0.166300 ms CreateObjectMapping: 0.031000 ms MarkObjects: 1.473100 ms  DeleteObjects: 0.064700 ms)

========================================================================
Received Prepare
Registering precompiled user dll's ...
Registered in 0.002717 seconds.
Begin MonoManager ReloadAssembly
Native extension for WindowsStandalone target not found
Native extension for WebGL target not found
Refreshing native plugins compatible for Editor in 0.31 ms, found 2 plugins.
Preloading 0 native plugins for Editor in 0.00 ms.
Mono: successfully reloaded assembly
- Completed reload, in  0.721 seconds
Platform modules already initialized, skipping
Refreshing native plugins compatible for Editor in 0.31 ms, found 2 plugins.
Preloading 0 native plugins for Editor in 0.00 ms.
Unloading 1403 Unused Serialized files (Serialized files now loaded: 0)
System memory in use before: 81.5 MB.
System memory in use after: 81.6 MB.

Unloading 14 unused Assets to reduce memory usage. Loaded Objects now: 1947.
Total: 1.881600 ms (FindLiveObjects: 0.174300 ms CreateObjectMapping: 0.034600 ms MarkObjects: 1.600500 ms  DeleteObjects: 0.071200 ms)

========================================================================
Received Prepare
Registering precompiled user dll's ...
Registered in 0.002733 seconds.
Begin MonoManager ReloadAssembly
Native extension for WindowsStandalone target not found
Native extension for WebGL target not found
Refreshing native plugins compatible for Editor in 0.31 ms, found 2 plugins.
Preloading 0 native plugins for Editor in 0.00 ms.
Mono: successfully reloaded assembly
- Completed reload, in  0.725 seconds
Platform modules already initialized, skipping
Refreshing native plugins compatible for Editor in 0.32 ms, found 2 plugins.
Preloading 0 native plugins for Editor in 0.00 ms.
Unloading 1403 Unused Serialized files (Serialized files now loaded: 0)
System memory in use before: 81.5 MB.
System memory in use after: 81.6 MB.

Unloading 14 unused Assets to reduce memory usage. Loaded Objects now: 1950.
Total: 1.631300 ms (FindLiveObjects: 0.146900 ms CreateObjectMapping: 0.031400 ms MarkObjects: 1.386400 ms  DeleteObjects: 0.065800 ms)

========================================================================
Received Prepare
Registering precompiled user dll's ...
Registered in 0.002868 seconds.
Begin MonoManager ReloadAssembly
Native extension for WindowsStandalone target not found
Native extension for WebGL target not found
Refreshing native plugins compatible for Editor in 0.31 ms, found 2 plugins.
Preloading 0 native plugins for Editor in 0.00 ms.
Mono: successfully reloaded assembly
- Completed reload, in  0.728 seconds
Platform modules already initialized, skipping
Refreshing native plugins compatible for Editor in 0.31 ms, found 2 plugins.
Preloading 0 native plugins for Editor in 0.00 ms.
Unloading 1403 Unused Serialized files (Serialized files now loaded: 0)
System memory in use before: 81.5 MB.
System memory in use after: 81.6 MB.

Unloading 14 unused Assets to reduce memory usage. Loaded Objects now: 1953.
Total: 1.590900 ms (FindLiveObjects: 0.128000 ms CreateObjectMapping: 0.030200 ms MarkObjects: 1.366300 ms  DeleteObjects: 0.065800 ms)

========================================================================
Received Prepare
Registering precompiled user dll's ...
Registered in 0.002754 seconds.
Begin MonoManager ReloadAssembly
Native extension for WindowsStandalone target not found
Native extension for WebGL target not found
Refreshing native plugins compatible for Editor in 0.31 ms, found 2 plugins.
Preloading 0 native plugins for Editor in 0.00 ms.
Mono: successfully reloaded assembly
- Completed reload, in  0.728 seconds
Platform modules already initialized, skipping
Refreshing native plugins compatible for Editor in 0.31 ms, found 2 plugins.
Preloading 0 native plugins for Editor in 0.00 ms.
Unloading 1403 Unused Serialized files (Serialized files now loaded: 0)
System memory in use before: 81.5 MB.
System memory in use after: 81.6 MB.

Unloading 14 unused Assets to reduce memory usage. Loaded Objects now: 1956.
Total: 1.603100 ms (FindLiveObjects: 0.136100 ms CreateObjectMapping: 0.031100 ms MarkObjects: 1.370800 ms  DeleteObjects: 0.064400 ms)

========================================================================
Received Prepare
Registering precompiled user dll's ...
Registered in 0.002825 seconds.
Begin MonoManager ReloadAssembly
Native extension for WindowsStandalone target not found
Native extension for WebGL target not found
Refreshing native plugins compatible for Editor in 0.32 ms, found 2 plugins.
Preloading 0 native plugins for Editor in 0.00 ms.
Mono: successfully reloaded assembly
- Completed reload, in  0.741 seconds
Platform modules already initialized, skipping
Refreshing native plugins compatible for Editor in 0.33 ms, found 2 plugins.
Preloading 0 native plugins for Editor in 0.00 ms.
Unloading 1403 Unused Serialized files (Serialized files now loaded: 0)
System memory in use before: 81.5 MB.
System memory in use after: 81.6 MB.

Unloading 14 unused Assets to reduce memory usage. Loaded Objects now: 1959.
Total: 1.628400 ms (FindLiveObjects: 0.148200 ms CreateObjectMapping: 0.031000 ms MarkObjects: 1.383100 ms  DeleteObjects: 0.065300 ms)

========================================================================
Received Prepare
Registering precompiled user dll's ...
Registered in 0.002808 seconds.
Begin MonoManager ReloadAssembly
Native extension for WindowsStandalone target not found
Native extension for WebGL target not found
Refreshing native plugins compatible for Editor in 0.31 ms, found 2 plugins.
Preloading 0 native plugins for Editor in 0.00 ms.
Mono: successfully reloaded assembly
- Completed reload, in  0.729 seconds
Platform modules already initialized, skipping
Refreshing native plugins compatible for Editor in 0.31 ms, found 2 plugins.
Preloading 0 native plugins for Editor in 0.00 ms.
Unloading 1403 Unused Serialized files (Serialized files now loaded: 0)
System memory in use before: 81.5 MB.
System memory in use after: 81.6 MB.

Unloading 14 unused Assets to reduce memory usage. Loaded Objects now: 1962.
Total: 1.749500 ms (FindLiveObjects: 0.164200 ms CreateObjectMapping: 0.032300 ms MarkObjects: 1.480400 ms  DeleteObjects: 0.071700 ms)

========================================================================
Received Prepare
Registering precompiled user dll's ...
Registered in 0.002776 seconds.
Begin MonoManager ReloadAssembly
Native extension for WindowsStandalone target not found
Native extension for WebGL target not found
Refreshing native plugins compatible for Editor in 0.31 ms, found 2 plugins.
Preloading 0 native plugins for Editor in 0.00 ms.
Mono: successfully reloaded assembly
- Completed reload, in  0.730 seconds
Platform modules already initialized, skipping
Refreshing native plugins compatible for Editor in 0.34 ms, found 2 plugins.
Preloading 0 native plugins for Editor in 0.00 ms.
Unloading 1403 Unused Serialized files (Serialized files now loaded: 0)
System memory in use before: 81.5 MB.
System memory in use after: 81.6 MB.

Unloading 14 unused Assets to reduce memory usage. Loaded Objects now: 1965.
Total: 1.864800 ms (FindLiveObjects: 0.157400 ms CreateObjectMapping: 0.031100 ms MarkObjects: 1.606100 ms  DeleteObjects: 0.069100 ms)

========================================================================
Received Prepare
Registering precompiled user dll's ...
Registered in 0.002801 seconds.
Begin MonoManager ReloadAssembly
Native extension for WindowsStandalone target not found
Native extension for WebGL target not found
Refreshing native plugins compatible for Editor in 0.32 ms, found 2 plugins.
Preloading 0 native plugins for Editor in 0.00 ms.
Mono: successfully reloaded assembly
- Completed reload, in  0.724 seconds
Platform modules already initialized, skipping
Refreshing native plugins compatible for Editor in 0.31 ms, found 2 plugins.
Preloading 0 native plugins for Editor in 0.00 ms.
Unloading 1403 Unused Serialized files (Serialized files now loaded: 0)
System memory in use before: 81.5 MB.
System memory in use after: 81.6 MB.

Unloading 14 unused Assets to reduce memory usage. Loaded Objects now: 1968.
Total: 1.638500 ms (FindLiveObjects: 0.144600 ms CreateObjectMapping: 0.032400 ms MarkObjects: 1.391600 ms  DeleteObjects: 0.069100 ms)

========================================================================
Received Prepare
Registering precompiled user dll's ...
Registered in 0.002817 seconds.
Begin MonoManager ReloadAssembly
Native extension for WindowsStandalone target not found
Native extension for WebGL target not found
Refreshing native plugins compatible for Editor in 0.31 ms, found 2 plugins.
Preloading 0 native plugins for Editor in 0.00 ms.
Mono: successfully reloaded assembly
- Completed reload, in  0.720 seconds
Platform modules already initialized, skipping
Refreshing native plugins compatible for Editor in 0.31 ms, found 2 plugins.
Preloading 0 native plugins for Editor in 0.00 ms.
Unloading 1403 Unused Serialized files (Serialized files now loaded: 0)
System memory in use before: 81.5 MB.
System memory in use after: 81.6 MB.

Unloading 14 unused Assets to reduce memory usage. Loaded Objects now: 1971.
Total: 1.725600 ms (FindLiveObjects: 0.168600 ms CreateObjectMapping: 0.032100 ms MarkObjects: 1.457600 ms  DeleteObjects: 0.066400 ms)

========================================================================
Received Prepare
Registering precompiled user dll's ...
Registered in 0.002741 seconds.
Begin MonoManager ReloadAssembly
Native extension for WindowsStandalone target not found
Native extension for WebGL target not found
Refreshing native plugins compatible for Editor in 0.30 ms, found 2 plugins.
Preloading 0 native plugins for Editor in 0.00 ms.
Mono: successfully reloaded assembly
- Completed reload, in  0.713 seconds
Platform modules already initialized, skipping
Refreshing native plugins compatible for Editor in 0.31 ms, found 2 plugins.
Preloading 0 native plugins for Editor in 0.00 ms.
Unloading 1403 Unused Serialized files (Serialized files now loaded: 0)
System memory in use before: 81.5 MB.
System memory in use after: 81.6 MB.

Unloading 14 unused Assets to reduce memory usage. Loaded Objects now: 1974.
Total: 1.735000 ms (FindLiveObjects: 0.182600 ms CreateObjectMapping: 0.069600 ms MarkObjects: 1.412400 ms  DeleteObjects: 0.069800 ms)

========================================================================
Received Prepare
Registering precompiled user dll's ...
Registered in 0.002765 seconds.
Begin MonoManager ReloadAssembly
Native extension for WindowsStandalone target not found
Native extension for WebGL target not found
Refreshing native plugins compatible for Editor in 0.32 ms, found 2 plugins.
Preloading 0 native plugins for Editor in 0.00 ms.
Mono: successfully reloaded assembly
- Completed reload, in  0.726 seconds
Platform modules already initialized, skipping
Refreshing native plugins compatible for Editor in 0.31 ms, found 2 plugins.
Preloading 0 native plugins for Editor in 0.00 ms.
Unloading 1403 Unused Serialized files (Serialized files now loaded: 0)
System memory in use before: 81.5 MB.
System memory in use after: 81.6 MB.

Unloading 14 unused Assets to reduce memory usage. Loaded Objects now: 1977.
Total: 1.607700 ms (FindLiveObjects: 0.139100 ms CreateObjectMapping: 0.030800 ms MarkObjects: 1.369800 ms  DeleteObjects: 0.067400 ms)

========================================================================
Received Import Request.
  Time since last request: 1634.252161 seconds.
  path: Assets/Materials/PhysicsMaterial
  artifactKey: Guid(4f232ccb0bf68e04ca716015762676f4) Importer(815301076,1909f56bfc062723c751e8b465ee728b)
Start importing Assets/Materials/PhysicsMaterial using Guid(4f232ccb0bf68e04ca716015762676f4) Importer(815301076,1909f56bfc062723c751e8b465ee728b)  -> (artifact id: '3d37da3d43156a50b8a6cb796442623a') in 0.006768 seconds
  Import took 0.008947 seconds .

========================================================================
Received Import Request.
  Time since last request: 27.661963 seconds.
  path: Assets/Materials/PhysicsMaterial/Boing.physicMaterial
  artifactKey: Guid(a4d3bb8200485624e93c871c329511aa) Importer(815301076,1909f56bfc062723c751e8b465ee728b)
Start importing Assets/Materials/PhysicsMaterial/Boing.physicMaterial using Guid(a4d3bb8200485624e93c871c329511aa) Importer(815301076,1909f56bfc062723c751e8b465ee728b)  -> (artifact id: 'bd0f232591d8a5133f667d4e828e1a75') in 0.040245 seconds
  Import took 0.042565 seconds .

========================================================================
Received Import Request.
  Time since last request: 5.341717 seconds.
  path: Assets/Materials/PhysicsMaterial/Boing.physicMaterial
  artifactKey: Guid(a4d3bb8200485624e93c871c329511aa) Importer(815301076,1909f56bfc062723c751e8b465ee728b)
Start importing Assets/Materials/PhysicsMaterial/Boing.physicMaterial using Guid(a4d3bb8200485624e93c871c329511aa) Importer(815301076,1909f56bfc062723c751e8b465ee728b)  -> (artifact id: '279c0af1fd230400594627eaba66ec19') in 0.001952 seconds
  Import took 0.038032 seconds .

========================================================================
Received Import Request.
  Time since last request: 45.956060 seconds.
  path: Assets/Materials/boing.mat
  artifactKey: Guid(e510e0c53b111eb4b95babd6482e2509) Importer(815301076,1909f56bfc062723c751e8b465ee728b)
Start importing Assets/Materials/boing.mat using Guid(e510e0c53b111eb4b95babd6482e2509) Importer(815301076,1909f56bfc062723c751e8b465ee728b)  -> (artifact id: '3e2e17d6a7f23883eaef5e0ff20540fa') in 0.046455 seconds
  Import took 0.048688 seconds .

========================================================================
Received Prepare
Registering precompiled user dll's ...
Registered in 0.002797 seconds.
Begin MonoManager ReloadAssembly
Native extension for WindowsStandalone target not found
Native extension for WebGL target not found
Refreshing native plugins compatible for Editor in 0.30 ms, found 2 plugins.
Preloading 0 native plugins for Editor in 0.00 ms.
Mono: successfully reloaded assembly
- Completed reload, in  0.731 seconds
Platform modules already initialized, skipping
Refreshing native plugins compatible for Editor in 0.31 ms, found 2 plugins.
Preloading 0 native plugins for Editor in 0.00 ms.
Unloading 1403 Unused Serialized files (Serialized files now loaded: 0)
System memory in use before: 81.6 MB.
System memory in use after: 81.6 MB.

Unloading 14 unused Assets to reduce memory usage. Loaded Objects now: 1981.
Total: 1.737500 ms (FindLiveObjects: 0.214800 ms CreateObjectMapping: 0.046000 ms MarkObjects: 1.406100 ms  DeleteObjects: 0.069800 ms)

========================================================================
Received Prepare
Registering precompiled user dll's ...
Registered in 0.002789 seconds.
Begin MonoManager ReloadAssembly
Native extension for WindowsStandalone target not found
Native extension for WebGL target not found
Refreshing native plugins compatible for Editor in 0.30 ms, found 2 plugins.
Preloading 0 native plugins for Editor in 0.00 ms.
Mono: successfully reloaded assembly
- Completed reload, in  0.730 seconds
Platform modules already initialized, skipping
Refreshing native plugins compatible for Editor in 0.30 ms, found 2 plugins.
Preloading 0 native plugins for Editor in 0.00 ms.
Unloading 1403 Unused Serialized files (Serialized files now loaded: 0)
System memory in use before: 81.6 MB.
System memory in use after: 81.6 MB.

Unloading 14 unused Assets to reduce memory usage. Loaded Objects now: 1984.
Total: 1.659900 ms (FindLiveObjects: 0.161800 ms CreateObjectMapping: 0.034500 ms MarkObjects: 1.399900 ms  DeleteObjects: 0.063000 ms)

========================================================================
Received Prepare
Registering precompiled user dll's ...
Registered in 0.002786 seconds.
Begin MonoManager ReloadAssembly
Native extension for WindowsStandalone target not found
Native extension for WebGL target not found
Refreshing native plugins compatible for Editor in 0.30 ms, found 2 plugins.
Preloading 0 native plugins for Editor in 0.00 ms.
Mono: successfully reloaded assembly
- Completed reload, in  0.726 seconds
Platform modules already initialized, skipping
Refreshing native plugins compatible for Editor in 0.34 ms, found 2 plugins.
Preloading 0 native plugins for Editor in 0.00 ms.
Unloading 1403 Unused Serialized files (Serialized files now loaded: 0)
System memory in use before: 81.6 MB.
System memory in use after: 81.6 MB.

Unloading 14 unused Assets to reduce memory usage. Loaded Objects now: 1987.
Total: 1.669500 ms (FindLiveObjects: 0.137600 ms CreateObjectMapping: 0.031100 ms MarkObjects: 1.431700 ms  DeleteObjects: 0.068000 ms)

========================================================================
Received Prepare
Registering precompiled user dll's ...
Registered in 0.002814 seconds.
Begin MonoManager ReloadAssembly
Native extension for WindowsStandalone target not found
Native extension for WebGL target not found
Refreshing native plugins compatible for Editor in 0.31 ms, found 2 plugins.
Preloading 0 native plugins for Editor in 0.00 ms.
Mono: successfully reloaded assembly
- Completed reload, in  0.737 seconds
Platform modules already initialized, skipping
Refreshing native plugins compatible for Editor in 0.31 ms, found 2 plugins.
Preloading 0 native plugins for Editor in 0.00 ms.
Unloading 1403 Unused Serialized files (Serialized files now loaded: 0)
System memory in use before: 81.6 MB.
System memory in use after: 81.7 MB.

Unloading 14 unused Assets to reduce memory usage. Loaded Objects now: 1990.
Total: 2.050900 ms (FindLiveObjects: 0.183100 ms CreateObjectMapping: 0.036900 ms MarkObjects: 1.764300 ms  DeleteObjects: 0.065600 ms)

========================================================================
Received Prepare
Registering precompiled user dll's ...
Registered in 0.002755 seconds.
Begin MonoManager ReloadAssembly
Native extension for WindowsStandalone target not found
Native extension for WebGL target not found
Refreshing native plugins compatible for Editor in 0.31 ms, found 2 plugins.
Preloading 0 native plugins for Editor in 0.00 ms.
Mono: successfully reloaded assembly
- Completed reload, in  0.720 seconds
Platform modules already initialized, skipping
Refreshing native plugins compatible for Editor in 0.33 ms, found 2 plugins.
Preloading 0 native plugins for Editor in 0.00 ms.
Unloading 1403 Unused Serialized files (Serialized files now loaded: 0)
System memory in use before: 81.6 MB.
System memory in use after: 81.7 MB.

Unloading 14 unused Assets to reduce memory usage. Loaded Objects now: 1993.
Total: 2.036100 ms (FindLiveObjects: 0.159400 ms CreateObjectMapping: 0.030900 ms MarkObjects: 1.773000 ms  DeleteObjects: 0.072000 ms)

========================================================================
Received Import Request.
  Time since last request: 340.279746 seconds.
  path: Assets/Materials/PhysicsMaterial/Boing.physicMaterial
  artifactKey: Guid(a4d3bb8200485624e93c871c329511aa) Importer(815301076,1909f56bfc062723c751e8b465ee728b)
Start importing Assets/Materials/PhysicsMaterial/Boing.physicMaterial using Guid(a4d3bb8200485624e93c871c329511aa) Importer(815301076,1909f56bfc062723c751e8b465ee728b)  -> (artifact id: 'fd069a4c5907730baf7e7100251ccc52') in 0.015214 seconds
  Import took 0.017464 seconds .

========================================================================
Received Import Request.
  Time since last request: 81.029512 seconds.
  path: Assets/Animations/Object/Catapult.anim
  artifactKey: Guid(27517663e5cb5fe4d94afeacd4f60c24) Importer(815301076,1909f56bfc062723c751e8b465ee728b)
Start importing Assets/Animations/Object/Catapult.anim using Guid(27517663e5cb5fe4d94afeacd4f60c24) Importer(815301076,1909f56bfc062723c751e8b465ee728b)  -> (artifact id: '029c4cd4688f06d3db8dd1542123b169') in 0.003581 seconds
  Import took 0.005893 seconds .

========================================================================
Received Import Request.
  Time since last request: 0.003997 seconds.
  path: Assets/Animations/Object/Catapult.anim
  artifactKey: Guid(27517663e5cb5fe4d94afeacd4f60c24) Importer(815301076,1909f56bfc062723c751e8b465ee728b)
Start importing Assets/Animations/Object/Catapult.anim using Guid(27517663e5cb5fe4d94afeacd4f60c24) Importer(815301076,1909f56bfc062723c751e8b465ee728b)  -> (artifact id: '029c4cd4688f06d3db8dd1542123b169') in 0.001989 seconds
  Import took 0.004093 seconds .

========================================================================
Received Import Request.
  Time since last request: 5.411901 seconds.
  path: Assets/Animations/Object/Catapult_Launch.anim
  artifactKey: Guid(27517663e5cb5fe4d94afeacd4f60c24) Importer(815301076,1909f56bfc062723c751e8b465ee728b)
Start importing Assets/Animations/Object/Catapult_Launch.anim using Guid(27517663e5cb5fe4d94afeacd4f60c24) Importer(815301076,1909f56bfc062723c751e8b465ee728b)  -> (artifact id: '5e00a221a78dd545030e9730c7386a03') in 0.006169 seconds
  Import took 0.008360 seconds .

========================================================================
Received Import Request.
  Time since last request: 336.182582 seconds.
  path: Assets/Animations/Object/Catapult.controller
  artifactKey: Guid(6468b9204edd262499cbd96ac7accf4d) Importer(815301076,1909f56bfc062723c751e8b465ee728b)
Start importing Assets/Animations/Object/Catapult.controller using Guid(6468b9204edd262499cbd96ac7accf4d) Importer(815301076,1909f56bfc062723c751e8b465ee728b)  -> (artifact id: 'fb097366eb594c251eaac61d5feb7a11') in 0.004661 seconds
  Import took 0.006915 seconds .

========================================================================
Received Import Request.
  Time since last request: 95.387548 seconds.
  path: Assets/Animations/Object/Catapult_Launch.anim
  artifactKey: Guid(27517663e5cb5fe4d94afeacd4f60c24) Importer(815301076,1909f56bfc062723c751e8b465ee728b)
Start importing Assets/Animations/Object/Catapult_Launch.anim using Guid(27517663e5cb5fe4d94afeacd4f60c24) Importer(815301076,1909f56bfc062723c751e8b465ee728b)  -> (artifact id: '1696214a6e5062f9b0716d54fe61cb47') in 0.002102 seconds
  Import took 0.004087 seconds .

========================================================================
Received Import Request.
  Time since last request: 2.374937 seconds.
  path: Assets/Animations/Object/Catapult_Retract.anim
  artifactKey: Guid(2bf98827c160db94e85d747632d13258) Importer(815301076,1909f56bfc062723c751e8b465ee728b)
Start importing Assets/Animations/Object/Catapult_Retract.anim using Guid(2bf98827c160db94e85d747632d13258) Importer(815301076,1909f56bfc062723c751e8b465ee728b)  -> (artifact id: 'ab54d30d86f3f8c13dccc38d94e773e2') in 0.006105 seconds
  Import took 0.008157 seconds .

========================================================================
Received Import Request.
  Time since last request: 2.133925 seconds.
  path: Assets/Animations/Object/Catapult_Retract.anim
  artifactKey: Guid(2bf98827c160db94e85d747632d13258) Importer(815301076,1909f56bfc062723c751e8b465ee728b)
Start importing Assets/Animations/Object/Catapult_Retract.anim using Guid(2bf98827c160db94e85d747632d13258) Importer(815301076,1909f56bfc062723c751e8b465ee728b)  -> (artifact id: '2c10c653caf2f55c71e1744b914758c8') in 0.002162 seconds
  Import took 0.004308 seconds .

========================================================================
Received Prepare
Registering precompiled user dll's ...
Registered in 0.002887 seconds.
Begin MonoManager ReloadAssembly
Native extension for WindowsStandalone target not found
Native extension for WebGL target not found
Refreshing native plugins compatible for Editor in 0.32 ms, found 2 plugins.
Preloading 0 native plugins for Editor in 0.00 ms.
Mono: successfully reloaded assembly
- Completed reload, in  0.738 seconds
Platform modules already initialized, skipping
Refreshing native plugins compatible for Editor in 0.31 ms, found 2 plugins.
Preloading 0 native plugins for Editor in 0.00 ms.
Unloading 1403 Unused Serialized files (Serialized files now loaded: 0)
System memory in use before: 81.6 MB.
System memory in use after: 81.7 MB.

Unloading 14 unused Assets to reduce memory usage. Loaded Objects now: 1996.
Total: 2.492700 ms (FindLiveObjects: 0.160700 ms CreateObjectMapping: 0.033000 ms MarkObjects: 2.225100 ms  DeleteObjects: 0.072600 ms)

========================================================================
Received Prepare
Registering precompiled user dll's ...
Registered in 0.002903 seconds.
Begin MonoManager ReloadAssembly
Native extension for WindowsStandalone target not found
Native extension for WebGL target not found
Refreshing native plugins compatible for Editor in 0.31 ms, found 2 plugins.
Preloading 0 native plugins for Editor in 0.00 ms.
Mono: successfully reloaded assembly
- Completed reload, in  0.721 seconds
Platform modules already initialized, skipping
Refreshing native plugins compatible for Editor in 0.31 ms, found 2 plugins.
Preloading 0 native plugins for Editor in 0.00 ms.
Unloading 1403 Unused Serialized files (Serialized files now loaded: 0)
System memory in use before: 81.6 MB.
System memory in use after: 81.7 MB.

Unloading 14 unused Assets to reduce memory usage. Loaded Objects now: 1999.
Total: 1.724800 ms (FindLiveObjects: 0.180200 ms CreateObjectMapping: 0.031900 ms MarkObjects: 1.443600 ms  DeleteObjects: 0.067900 ms)

========================================================================
Received Prepare
Registering precompiled user dll's ...
Registered in 0.002813 seconds.
Begin MonoManager ReloadAssembly
Native extension for WindowsStandalone target not found
Native extension for WebGL target not found
Refreshing native plugins compatible for Editor in 0.30 ms, found 2 plugins.
Preloading 0 native plugins for Editor in 0.00 ms.
Mono: successfully reloaded assembly
- Completed reload, in  0.730 seconds
Platform modules already initialized, skipping
Refreshing native plugins compatible for Editor in 0.31 ms, found 2 plugins.
Preloading 0 native plugins for Editor in 0.00 ms.
Unloading 1403 Unused Serialized files (Serialized files now loaded: 0)
System memory in use before: 81.6 MB.
System memory in use after: 81.7 MB.

Unloading 14 unused Assets to reduce memory usage. Loaded Objects now: 2002.
Total: 1.626800 ms (FindLiveObjects: 0.143000 ms CreateObjectMapping: 0.031000 ms MarkObjects: 1.385300 ms  DeleteObjects: 0.066800 ms)

========================================================================
Received Prepare
Registering precompiled user dll's ...
Registered in 0.002764 seconds.
Begin MonoManager ReloadAssembly
Native extension for WindowsStandalone target not found
Native extension for WebGL target not found
Refreshing native plugins compatible for Editor in 0.30 ms, found 2 plugins.
Preloading 0 native plugins for Editor in 0.00 ms.
Mono: successfully reloaded assembly
- Completed reload, in  0.725 seconds
Platform modules already initialized, skipping
Refreshing native plugins compatible for Editor in 0.31 ms, found 2 plugins.
Preloading 0 native plugins for Editor in 0.00 ms.
Unloading 1403 Unused Serialized files (Serialized files now loaded: 0)
System memory in use before: 81.6 MB.
System memory in use after: 81.7 MB.

Unloading 14 unused Assets to reduce memory usage. Loaded Objects now: 2005.
Total: 1.719600 ms (FindLiveObjects: 0.162700 ms CreateObjectMapping: 0.031400 ms MarkObjects: 1.451000 ms  DeleteObjects: 0.073300 ms)

========================================================================
Received Prepare
Registering precompiled user dll's ...
Registered in 0.002892 seconds.
Begin MonoManager ReloadAssembly
Native extension for WindowsStandalone target not found
Native extension for WebGL target not found
Refreshing native plugins compatible for Editor in 0.32 ms, found 2 plugins.
Preloading 0 native plugins for Editor in 0.00 ms.
Mono: successfully reloaded assembly
- Completed reload, in  0.751 seconds
Platform modules already initialized, skipping
Refreshing native plugins compatible for Editor in 0.32 ms, found 2 plugins.
Preloading 0 native plugins for Editor in 0.00 ms.
Unloading 1403 Unused Serialized files (Serialized files now loaded: 0)
System memory in use before: 81.6 MB.
System memory in use after: 81.7 MB.

Unloading 14 unused Assets to reduce memory usage. Loaded Objects now: 2008.
Total: 1.673900 ms (FindLiveObjects: 0.154900 ms CreateObjectMapping: 0.031300 ms MarkObjects: 1.418500 ms  DeleteObjects: 0.068300 ms)

========================================================================
Received Import Request.
  Time since last request: 1000.504679 seconds.
  path: Assets/Scripts/Object/BreakableWall.cs
  artifactKey: Guid(6168adc451a69b1479569858a94a5ddf) Importer(815301076,1909f56bfc062723c751e8b465ee728b)
Start importing Assets/Scripts/Object/BreakableWall.cs using Guid(6168adc451a69b1479569858a94a5ddf) Importer(815301076,1909f56bfc062723c751e8b465ee728b)  -> (artifact id: 'f56247c7c43b95b537918644ecca7f7d') in 0.035339 seconds
  Import took 0.037501 seconds .

========================================================================
Received Import Request.
  Time since last request: 1.457679 seconds.
  path: Assets/Scripts/Object/Destructable.cs
  artifactKey: Guid(eea76c98b66f6634db7b3a4ff62035c4) Importer(815301076,1909f56bfc062723c751e8b465ee728b)
Start importing Assets/Scripts/Object/Destructable.cs using Guid(eea76c98b66f6634db7b3a4ff62035c4) Importer(815301076,1909f56bfc062723c751e8b465ee728b)  -> (artifact id: 'a6679cc0ed7888a3b6a86e0bcafb463a') in 0.005772 seconds
  Import took 0.007939 seconds .

========================================================================
Received Import Request.
  Time since last request: 0.016984 seconds.
  path: Assets/Scripts/Object/Destructable.cs
  artifactKey: Guid(eea76c98b66f6634db7b3a4ff62035c4) Importer(815301076,1909f56bfc062723c751e8b465ee728b)
Start importing Assets/Scripts/Object/Destructable.cs using Guid(eea76c98b66f6634db7b3a4ff62035c4) Importer(815301076,1909f56bfc062723c751e8b465ee728b)  -> (artifact id: 'a6679cc0ed7888a3b6a86e0bcafb463a') in 0.001568 seconds
  Import took 0.003525 seconds .

========================================================================
Received Prepare
Registering precompiled user dll's ...
Registered in 0.002755 seconds.
Begin MonoManager ReloadAssembly
Native extension for WindowsStandalone target not found
Native extension for WebGL target not found
Refreshing native plugins compatible for Editor in 0.31 ms, found 2 plugins.
Preloading 0 native plugins for Editor in 0.00 ms.
Mono: successfully reloaded assembly
- Completed reload, in  0.733 seconds
Platform modules already initialized, skipping
Refreshing native plugins compatible for Editor in 0.30 ms, found 2 plugins.
Preloading 0 native plugins for Editor in 0.00 ms.
Unloading 1403 Unused Serialized files (Serialized files now loaded: 0)
System memory in use before: 81.6 MB.
System memory in use after: 81.7 MB.

Unloading 14 unused Assets to reduce memory usage. Loaded Objects now: 2011.
Total: 1.629800 ms (FindLiveObjects: 0.144600 ms CreateObjectMapping: 0.031500 ms MarkObjects: 1.387800 ms  DeleteObjects: 0.065100 ms)

========================================================================
Received Prepare
Registering precompiled user dll's ...
Registered in 0.002770 seconds.
Begin MonoManager ReloadAssembly
Native extension for WindowsStandalone target not found
Native extension for WebGL target not found
Refreshing native plugins compatible for Editor in 0.31 ms, found 2 plugins.
Preloading 0 native plugins for Editor in 0.00 ms.
Mono: successfully reloaded assembly
- Completed reload, in  0.717 seconds
Platform modules already initialized, skipping
Refreshing native plugins compatible for Editor in 0.31 ms, found 2 plugins.
Preloading 0 native plugins for Editor in 0.00 ms.
Unloading 1403 Unused Serialized files (Serialized files now loaded: 0)
System memory in use before: 81.6 MB.
System memory in use after: 81.7 MB.

Unloading 14 unused Assets to reduce memory usage. Loaded Objects now: 2014.
Total: 1.750300 ms (FindLiveObjects: 0.153400 ms CreateObjectMapping: 0.037200 ms MarkObjects: 1.489000 ms  DeleteObjects: 0.069900 ms)

========================================================================
Received Prepare
Registering precompiled user dll's ...
Registered in 0.002779 seconds.
Begin MonoManager ReloadAssembly
Native extension for WindowsStandalone target not found
Native extension for WebGL target not found
Refreshing native plugins compatible for Editor in 0.31 ms, found 2 plugins.
Preloading 0 native plugins for Editor in 0.00 ms.
Mono: successfully reloaded assembly
- Completed reload, in  0.723 seconds
Platform modules already initialized, skipping
Refreshing native plugins compatible for Editor in 0.30 ms, found 2 plugins.
Preloading 0 native plugins for Editor in 0.00 ms.
Unloading 1403 Unused Serialized files (Serialized files now loaded: 0)
System memory in use before: 81.6 MB.
System memory in use after: 81.7 MB.

Unloading 14 unused Assets to reduce memory usage. Loaded Objects now: 2017.
Total: 1.656700 ms (FindLiveObjects: 0.144200 ms CreateObjectMapping: 0.031000 ms MarkObjects: 1.414800 ms  DeleteObjects: 0.066000 ms)

========================================================================
Received Prepare
Registering precompiled user dll's ...
Registered in 0.002795 seconds.
Begin MonoManager ReloadAssembly
Native extension for WindowsStandalone target not found
Native extension for WebGL target not found
Refreshing native plugins compatible for Editor in 0.31 ms, found 2 plugins.
Preloading 0 native plugins for Editor in 0.00 ms.
Mono: successfully reloaded assembly
- Completed reload, in  0.729 seconds
Platform modules already initialized, skipping
Refreshing native plugins compatible for Editor in 0.31 ms, found 2 plugins.
Preloading 0 native plugins for Editor in 0.00 ms.
Unloading 1403 Unused Serialized files (Serialized files now loaded: 0)
System memory in use before: 81.6 MB.
System memory in use after: 81.7 MB.

Unloading 14 unused Assets to reduce memory usage. Loaded Objects now: 2020.
Total: 1.670700 ms (FindLiveObjects: 0.179000 ms CreateObjectMapping: 0.032300 ms MarkObjects: 1.390900 ms  DeleteObjects: 0.067300 ms)

========================================================================
Received Prepare
Registering precompiled user dll's ...
Registered in 0.002686 seconds.
Begin MonoManager ReloadAssembly
Native extension for WindowsStandalone target not found
Native extension for WebGL target not found
Refreshing native plugins compatible for Editor in 0.30 ms, found 2 plugins.
Preloading 0 native plugins for Editor in 0.00 ms.
Mono: successfully reloaded assembly
- Completed reload, in  0.718 seconds
Platform modules already initialized, skipping
Refreshing native plugins compatible for Editor in 0.32 ms, found 2 plugins.
Preloading 0 native plugins for Editor in 0.00 ms.
Unloading 1403 Unused Serialized files (Serialized files now loaded: 0)
System memory in use before: 81.6 MB.
System memory in use after: 81.7 MB.

Unloading 14 unused Assets to reduce memory usage. Loaded Objects now: 2023.
Total: 1.648500 ms (FindLiveObjects: 0.144100 ms CreateObjectMapping: 0.031300 ms MarkObjects: 1.409800 ms  DeleteObjects: 0.062600 ms)

========================================================================
Received Prepare
Registering precompiled user dll's ...
Registered in 0.002769 seconds.
Begin MonoManager ReloadAssembly
Native extension for WindowsStandalone target not found
Native extension for WebGL target not found
Refreshing native plugins compatible for Editor in 0.31 ms, found 2 plugins.
Preloading 0 native plugins for Editor in 0.00 ms.
Mono: successfully reloaded assembly
- Completed reload, in  0.716 seconds
Platform modules already initialized, skipping
Refreshing native plugins compatible for Editor in 0.35 ms, found 2 plugins.
Preloading 0 native plugins for Editor in 0.00 ms.
Unloading 1403 Unused Serialized files (Serialized files now loaded: 0)
System memory in use before: 81.6 MB.
System memory in use after: 81.7 MB.

Unloading 14 unused Assets to reduce memory usage. Loaded Objects now: 2026.
Total: 1.641000 ms (FindLiveObjects: 0.139800 ms CreateObjectMapping: 0.031200 ms MarkObjects: 1.405400 ms  DeleteObjects: 0.063900 ms)

========================================================================
Received Prepare
Registering precompiled user dll's ...
Registered in 0.002786 seconds.
Begin MonoManager ReloadAssembly
Native extension for WindowsStandalone target not found
Native extension for WebGL target not found
Refreshing native plugins compatible for Editor in 0.31 ms, found 2 plugins.
Preloading 0 native plugins for Editor in 0.00 ms.
Mono: successfully reloaded assembly
- Completed reload, in  0.723 seconds
Platform modules already initialized, skipping
Refreshing native plugins compatible for Editor in 0.32 ms, found 2 plugins.
Preloading 0 native plugins for Editor in 0.00 ms.
Unloading 1403 Unused Serialized files (Serialized files now loaded: 0)
System memory in use before: 81.7 MB.
System memory in use after: 81.7 MB.

Unloading 14 unused Assets to reduce memory usage. Loaded Objects now: 2029.
Total: 1.677800 ms (FindLiveObjects: 0.161800 ms CreateObjectMapping: 0.031600 ms MarkObjects: 1.419400 ms  DeleteObjects: 0.064300 ms)

========================================================================
Received Prepare
Registering precompiled user dll's ...
Registered in 0.002840 seconds.
Begin MonoManager ReloadAssembly
Native extension for WindowsStandalone target not found
Native extension for WebGL target not found
Refreshing native plugins compatible for Editor in 0.31 ms, found 2 plugins.
Preloading 0 native plugins for Editor in 0.00 ms.
Mono: successfully reloaded assembly
- Completed reload, in  0.711 seconds
Platform modules already initialized, skipping
Refreshing native plugins compatible for Editor in 0.35 ms, found 2 plugins.
Preloading 0 native plugins for Editor in 0.00 ms.
Unloading 1403 Unused Serialized files (Serialized files now loaded: 0)
System memory in use before: 81.7 MB.
System memory in use after: 81.7 MB.

Unloading 14 unused Assets to reduce memory usage. Loaded Objects now: 2032.
Total: 1.839100 ms (FindLiveObjects: 0.182400 ms CreateObjectMapping: 0.031900 ms MarkObjects: 1.547300 ms  DeleteObjects: 0.076100 ms)

========================================================================
Received Prepare
Registering precompiled user dll's ...
Registered in 0.002765 seconds.
Begin MonoManager ReloadAssembly
Native extension for WindowsStandalone target not found
Native extension for WebGL target not found
Refreshing native plugins compatible for Editor in 0.30 ms, found 2 plugins.
Preloading 0 native plugins for Editor in 0.00 ms.
Mono: successfully reloaded assembly
- Completed reload, in  0.715 seconds
Platform modules already initialized, skipping
Refreshing native plugins compatible for Editor in 0.31 ms, found 2 plugins.
Preloading 0 native plugins for Editor in 0.00 ms.
Unloading 1403 Unused Serialized files (Serialized files now loaded: 0)
System memory in use before: 81.7 MB.
System memory in use after: 81.7 MB.

Unloading 14 unused Assets to reduce memory usage. Loaded Objects now: 2035.
Total: 1.682300 ms (FindLiveObjects: 0.148800 ms CreateObjectMapping: 0.032900 ms MarkObjects: 1.432700 ms  DeleteObjects: 0.067000 ms)

========================================================================
Received Prepare
Registering precompiled user dll's ...
Registered in 0.002845 seconds.
Begin MonoManager ReloadAssembly
Native extension for WindowsStandalone target not found
Native extension for WebGL target not found
Refreshing native plugins compatible for Editor in 0.31 ms, found 2 plugins.
Preloading 0 native plugins for Editor in 0.00 ms.
Mono: successfully reloaded assembly
- Completed reload, in  0.740 seconds
Platform modules already initialized, skipping
Refreshing native plugins compatible for Editor in 0.30 ms, found 2 plugins.
Preloading 0 native plugins for Editor in 0.00 ms.
Unloading 1403 Unused Serialized files (Serialized files now loaded: 0)
System memory in use before: 81.7 MB.
System memory in use after: 81.7 MB.

Unloading 14 unused Assets to reduce memory usage. Loaded Objects now: 2038.
Total: 1.659100 ms (FindLiveObjects: 0.146900 ms CreateObjectMapping: 0.031100 ms MarkObjects: 1.415900 ms  DeleteObjects: 0.064400 ms)

========================================================================
Received Prepare
Registering precompiled user dll's ...
Registered in 0.002732 seconds.
Begin MonoManager ReloadAssembly
Native extension for WindowsStandalone target not found
Native extension for WebGL target not found
Refreshing native plugins compatible for Editor in 0.30 ms, found 2 plugins.
Preloading 0 native plugins for Editor in 0.00 ms.
Mono: successfully reloaded assembly
- Completed reload, in  0.712 seconds
Platform modules already initialized, skipping
Refreshing native plugins compatible for Editor in 0.31 ms, found 2 plugins.
Preloading 0 native plugins for Editor in 0.00 ms.
Unloading 1403 Unused Serialized files (Serialized files now loaded: 0)
System memory in use before: 81.7 MB.
System memory in use after: 81.8 MB.

Unloading 14 unused Assets to reduce memory usage. Loaded Objects now: 2041.
Total: 1.954800 ms (FindLiveObjects: 0.172200 ms CreateObjectMapping: 0.032100 ms MarkObjects: 1.677000 ms  DeleteObjects: 0.072700 ms)

========================================================================
Received Import Request.
  Time since last request: 908.718327 seconds.
  path: Assets/Animations/Object
  artifactKey: Guid(60ee0111608291e43986ae917f2535fe) Importer(815301076,1909f56bfc062723c751e8b465ee728b)
Start importing Assets/Animations/Object using Guid(60ee0111608291e43986ae917f2535fe) Importer(815301076,1909f56bfc062723c751e8b465ee728b)  -> (artifact id: '206c8ecd110d866785059829bab97c99') in 0.006646 seconds
  Import took 0.008769 seconds .

========================================================================
Received Import Request.
  Time since last request: 1.214572 seconds.
  path: Assets/Animations/Object/Catapult_Launch.anim
  artifactKey: Guid(27517663e5cb5fe4d94afeacd4f60c24) Importer(815301076,1909f56bfc062723c751e8b465ee728b)
Start importing Assets/Animations/Object/Catapult_Launch.anim using Guid(27517663e5cb5fe4d94afeacd4f60c24) Importer(815301076,1909f56bfc062723c751e8b465ee728b)  -> (artifact id: '5ddf5d50524b9a3f8add9fc9842ace6a') in 0.028258 seconds
  Import took 0.030482 seconds .

========================================================================
Received Prepare
Registering precompiled user dll's ...
Registered in 0.002829 seconds.
Begin MonoManager ReloadAssembly
Native extension for WindowsStandalone target not found
Native extension for WebGL target not found
Refreshing native plugins compatible for Editor in 0.31 ms, found 2 plugins.
Preloading 0 native plugins for Editor in 0.00 ms.
Mono: successfully reloaded assembly
- Completed reload, in  0.725 seconds
Platform modules already initialized, skipping
Refreshing native plugins compatible for Editor in 0.30 ms, found 2 plugins.
Preloading 0 native plugins for Editor in 0.00 ms.
Unloading 1403 Unused Serialized files (Serialized files now loaded: 0)
System memory in use before: 81.7 MB.
System memory in use after: 81.8 MB.

Unloading 14 unused Assets to reduce memory usage. Loaded Objects now: 2044.
Total: 2.030400 ms (FindLiveObjects: 0.217900 ms CreateObjectMapping: 0.039500 ms MarkObjects: 1.698600 ms  DeleteObjects: 0.073400 ms)

========================================================================
Received Import Request.
  Time since last request: 94.626473 seconds.
  path: Assets/Scripts/Object/Catapult.cs
  artifactKey: Guid(768bbbb26f3e93141a76213db064111e) Importer(815301076,1909f56bfc062723c751e8b465ee728b)
Start importing Assets/Scripts/Object/Catapult.cs using Guid(768bbbb26f3e93141a76213db064111e) Importer(815301076,1909f56bfc062723c751e8b465ee728b)  -> (artifact id: '84c425dbcac8927018fca63b7dd06566') in 0.007349 seconds
  Import took 0.009596 seconds .

========================================================================
Received Import Request.
  Time since last request: 0.000762 seconds.
  path: Assets/Scripts/Object/Catapult.cs
  artifactKey: Guid(768bbbb26f3e93141a76213db064111e) Importer(815301076,1909f56bfc062723c751e8b465ee728b)
Start importing Assets/Scripts/Object/Catapult.cs using Guid(768bbbb26f3e93141a76213db064111e) Importer(815301076,1909f56bfc062723c751e8b465ee728b)  -> (artifact id: '84c425dbcac8927018fca63b7dd06566') in 0.001358 seconds
  Import took 0.003374 seconds .

========================================================================
Received Prepare
Registering precompiled user dll's ...
Registered in 0.002785 seconds.
Begin MonoManager ReloadAssembly
Native extension for WindowsStandalone target not found
Native extension for WebGL target not found
Refreshing native plugins compatible for Editor in 0.31 ms, found 2 plugins.
Preloading 0 native plugins for Editor in 0.00 ms.
Mono: successfully reloaded assembly
- Completed reload, in  0.728 seconds
Platform modules already initialized, skipping
Refreshing native plugins compatible for Editor in 0.31 ms, found 2 plugins.
Preloading 0 native plugins for Editor in 0.00 ms.
Unloading 1403 Unused Serialized files (Serialized files now loaded: 0)
System memory in use before: 81.7 MB.
System memory in use after: 81.8 MB.

Unloading 14 unused Assets to reduce memory usage. Loaded Objects now: 2047.
Total: 2.039300 ms (FindLiveObjects: 0.186200 ms CreateObjectMapping: 0.033100 ms MarkObjects: 1.744500 ms  DeleteObjects: 0.074100 ms)

========================================================================
Received Import Request.
  Time since last request: 50.180896 seconds.
  path: Assets/Scripts/Object/Catapult.cs
  artifactKey: Guid(768bbbb26f3e93141a76213db064111e) Importer(815301076,1909f56bfc062723c751e8b465ee728b)
Start importing Assets/Scripts/Object/Catapult.cs using Guid(768bbbb26f3e93141a76213db064111e) Importer(815301076,1909f56bfc062723c751e8b465ee728b)  -> (artifact id: '4e545760beae5a35e62754a032fa9c19') in 0.003479 seconds
  Import took 0.005454 seconds .

========================================================================
Received Prepare
Registering precompiled user dll's ...
Registered in 0.002809 seconds.
Begin MonoManager ReloadAssembly
Native extension for WindowsStandalone target not found
Native extension for WebGL target not found
Refreshing native plugins compatible for Editor in 0.31 ms, found 2 plugins.
Preloading 0 native plugins for Editor in 0.00 ms.
Mono: successfully reloaded assembly
- Completed reload, in  0.723 seconds
Platform modules already initialized, skipping
Refreshing native plugins compatible for Editor in 0.31 ms, found 2 plugins.
Preloading 0 native plugins for Editor in 0.00 ms.
Unloading 1403 Unused Serialized files (Serialized files now loaded: 0)
System memory in use before: 81.7 MB.
System memory in use after: 81.8 MB.

Unloading 14 unused Assets to reduce memory usage. Loaded Objects now: 2050.
Total: 1.692900 ms (FindLiveObjects: 0.148400 ms CreateObjectMapping: 0.031600 ms MarkObjects: 1.448200 ms  DeleteObjects: 0.063800 ms)

========================================================================
Received Prepare
Registering precompiled user dll's ...
Registered in 0.002779 seconds.
Begin MonoManager ReloadAssembly
Native extension for WindowsStandalone target not found
Native extension for WebGL target not found
Refreshing native plugins compatible for Editor in 0.31 ms, found 2 plugins.
Preloading 0 native plugins for Editor in 0.00 ms.
Mono: successfully reloaded assembly
- Completed reload, in  0.719 seconds
Platform modules already initialized, skipping
Refreshing native plugins compatible for Editor in 0.31 ms, found 2 plugins.
Preloading 0 native plugins for Editor in 0.00 ms.
Unloading 1403 Unused Serialized files (Serialized files now loaded: 0)
System memory in use before: 81.7 MB.
System memory in use after: 81.8 MB.

Unloading 14 unused Assets to reduce memory usage. Loaded Objects now: 2053.
Total: 1.754000 ms (FindLiveObjects: 0.174000 ms CreateObjectMapping: 0.031900 ms MarkObjects: 1.481100 ms  DeleteObjects: 0.066000 ms)

========================================================================
Received Prepare
Registering precompiled user dll's ...
Registered in 0.002770 seconds.
Begin MonoManager ReloadAssembly
Native extension for WindowsStandalone target not found
Native extension for WebGL target not found
Refreshing native plugins compatible for Editor in 0.30 ms, found 2 plugins.
Preloading 0 native plugins for Editor in 0.00 ms.
Mono: successfully reloaded assembly
- Completed reload, in  0.721 seconds
Platform modules already initialized, skipping
Refreshing native plugins compatible for Editor in 0.31 ms, found 2 plugins.
Preloading 0 native plugins for Editor in 0.00 ms.
Unloading 1403 Unused Serialized files (Serialized files now loaded: 0)
System memory in use before: 81.7 MB.
System memory in use after: 81.8 MB.

Unloading 14 unused Assets to reduce memory usage. Loaded Objects now: 2056.
Total: 1.853800 ms (FindLiveObjects: 0.150700 ms CreateObjectMapping: 0.032400 ms MarkObjects: 1.596500 ms  DeleteObjects: 0.073300 ms)

========================================================================
Received Prepare
Registering precompiled user dll's ...
Registered in 0.002860 seconds.
Begin MonoManager ReloadAssembly
Native extension for WindowsStandalone target not found
Native extension for WebGL target not found
Refreshing native plugins compatible for Editor in 0.30 ms, found 2 plugins.
Preloading 0 native plugins for Editor in 0.00 ms.
Mono: successfully reloaded assembly
- Completed reload, in  0.724 seconds
Platform modules already initialized, skipping
Refreshing native plugins compatible for Editor in 0.31 ms, found 2 plugins.
Preloading 0 native plugins for Editor in 0.00 ms.
Unloading 1403 Unused Serialized files (Serialized files now loaded: 0)
System memory in use before: 81.7 MB.
System memory in use after: 81.8 MB.

Unloading 14 unused Assets to reduce memory usage. Loaded Objects now: 2059.
Total: 1.878900 ms (FindLiveObjects: 0.186600 ms CreateObjectMapping: 0.038700 ms MarkObjects: 1.581400 ms  DeleteObjects: 0.070900 ms)

========================================================================
Received Prepare
Registering precompiled user dll's ...
Registered in 0.002703 seconds.
Begin MonoManager ReloadAssembly
Native extension for WindowsStandalone target not found
Native extension for WebGL target not found
Refreshing native plugins compatible for Editor in 0.34 ms, found 2 plugins.
Preloading 0 native plugins for Editor in 0.00 ms.
Mono: successfully reloaded assembly
- Completed reload, in  0.729 seconds
Platform modules already initialized, skipping
Refreshing native plugins compatible for Editor in 0.31 ms, found 2 plugins.
Preloading 0 native plugins for Editor in 0.00 ms.
Unloading 1403 Unused Serialized files (Serialized files now loaded: 0)
System memory in use before: 81.7 MB.
System memory in use after: 81.8 MB.

Unloading 14 unused Assets to reduce memory usage. Loaded Objects now: 2062.
Total: 1.767400 ms (FindLiveObjects: 0.172500 ms CreateObjectMapping: 0.032000 ms MarkObjects: 1.495600 ms  DeleteObjects: 0.066600 ms)

========================================================================
Received Prepare
Registering precompiled user dll's ...
Registered in 0.003050 seconds.
Begin MonoManager ReloadAssembly
Native extension for WindowsStandalone target not found
Native extension for WebGL target not found
Refreshing native plugins compatible for Editor in 0.30 ms, found 2 plugins.
Preloading 0 native plugins for Editor in 0.00 ms.
Mono: successfully reloaded assembly
- Completed reload, in  0.711 seconds
Platform modules already initialized, skipping
Refreshing native plugins compatible for Editor in 0.33 ms, found 2 plugins.
Preloading 0 native plugins for Editor in 0.00 ms.
Unloading 1403 Unused Serialized files (Serialized files now loaded: 0)
System memory in use before: 81.7 MB.
System memory in use after: 81.8 MB.

Unloading 14 unused Assets to reduce memory usage. Loaded Objects now: 2065.
Total: 1.921700 ms (FindLiveObjects: 0.153600 ms CreateObjectMapping: 0.031100 ms MarkObjects: 1.669100 ms  DeleteObjects: 0.067100 ms)

AssetImportWorkerClient::OnTransportError - code=2 error=End of file
